{"/home/travis/build/npmtest/node-npmtest-wifi-control/test.js":{"path":"/home/travis/build/npmtest/node-npmtest-wifi-control/test.js","s":{"1":2,"2":2,"3":2,"4":2,"5":2,"6":2,"7":2,"8":1,"9":2,"10":2,"11":1,"12":1,"13":1,"14":1,"15":2,"16":2,"17":2,"18":2,"19":1,"20":1,"21":2,"22":2,"23":2,"24":1,"25":1,"26":1,"27":1,"28":1,"29":1,"30":1,"31":1,"32":1,"33":1,"34":1,"35":1,"36":1,"37":1,"38":1,"39":2,"40":2,"41":1,"42":2,"43":2,"44":1,"45":2,"46":2,"47":1,"48":2,"49":2,"50":1,"51":1,"52":1,"53":1,"54":1},"b":{"1":[2,1,1,1],"2":[1,1,1,1],"3":[1,1],"4":[1,1],"5":[1,1],"6":[1,1],"7":[1,1],"8":[1,1],"9":[1,1],"10":[1,1,1],"11":[1,1],"12":[1,1],"13":[1,1],"14":[1,1],"15":[1,1],"16":[1,1],"17":[1,1]},"f":{"1":2,"2":2,"3":2,"4":2,"5":2,"6":1,"7":1,"8":1,"9":2,"10":2,"11":2,"12":2,"13":1},"fnMap":{"1":{"name":"(anonymous_1)","line":12,"loc":{"start":{"line":12,"column":1},"end":{"line":12,"column":13}}},"2":{"name":"(anonymous_2)","line":19,"loc":{"start":{"line":19,"column":5},"end":{"line":19,"column":17}}},"3":{"name":"(anonymous_3)","line":23,"loc":{"start":{"line":23,"column":24},"end":{"line":23,"column":36}}},"4":{"name":"(anonymous_4)","line":61,"loc":{"start":{"line":61,"column":5},"end":{"line":61,"column":17}}},"5":{"name":"(anonymous_5)","line":82,"loc":{"start":{"line":82,"column":5},"end":{"line":82,"column":17}}},"6":{"name":"(anonymous_6)","line":91,"loc":{"start":{"line":91,"column":77},"end":{"line":94,"column":10}}},"7":{"name":"(anonymous_7)","line":112,"loc":{"start":{"line":112,"column":83},"end":{"line":115,"column":10}},"skip":true},"8":{"name":"(anonymous_8)","line":123,"loc":{"start":{"line":123,"column":77},"end":{"line":126,"column":10}},"skip":true},"9":{"name":"(anonymous_9)","line":139,"loc":{"start":{"line":139,"column":12},"end":{"line":139,"column":40}},"skip":true},"10":{"name":"(anonymous_10)","line":147,"loc":{"start":{"line":147,"column":77},"end":{"line":150,"column":10}},"skip":true},"11":{"name":"(anonymous_11)","line":158,"loc":{"start":{"line":158,"column":83},"end":{"line":161,"column":10}},"skip":true},"12":{"name":"(anonymous_12)","line":169,"loc":{"start":{"line":169,"column":79},"end":{"line":172,"column":10}},"skip":true},"13":{"name":"(anonymous_13)","line":180,"loc":{"start":{"line":180,"column":75},"end":{"line":183,"column":10}},"skip":true}},"statementMap":{"1":{"start":{"line":12,"column":0},"end":{"line":195,"column":5}},"2":{"start":{"line":14,"column":4},"end":{"line":14,"column":14}},"3":{"start":{"line":19,"column":4},"end":{"line":56,"column":9}},"4":{"start":{"line":21,"column":8},"end":{"line":21,"column":19}},"5":{"start":{"line":23,"column":8},"end":{"line":35,"column":13}},"6":{"start":{"line":24,"column":12},"end":{"line":34,"column":13}},"7":{"start":{"line":25,"column":16},"end":{"line":28,"column":30}},"8":{"start":{"line":30,"column":16},"end":{"line":33,"column":27}},"9":{"start":{"line":37,"column":8},"end":{"line":39,"column":21}},"10":{"start":{"line":40,"column":8},"end":{"line":53,"column":9}},"11":{"start":{"line":43,"column":12},"end":{"line":46,"column":14}},"12":{"start":{"line":47,"column":12},"end":{"line":47,"column":18}},"13":{"start":{"line":50,"column":12},"end":{"line":51,"column":46}},"14":{"start":{"line":52,"column":12},"end":{"line":52,"column":18}},"15":{"start":{"line":55,"column":8},"end":{"line":55,"column":35}},"16":{"start":{"line":61,"column":4},"end":{"line":63,"column":9}},"17":{"start":{"line":62,"column":8},"end":{"line":62,"column":15}},"18":{"start":{"line":64,"column":4},"end":{"line":77,"column":5}},"19":{"start":{"line":70,"column":8},"end":{"line":70,"column":14}},"20":{"start":{"line":76,"column":8},"end":{"line":76,"column":14}},"21":{"start":{"line":82,"column":4},"end":{"line":84,"column":9}},"22":{"start":{"line":83,"column":8},"end":{"line":83,"column":15}},"23":{"start":{"line":85,"column":4},"end":{"line":194,"column":5}},"24":{"start":{"line":91,"column":8},"end":{"line":99,"column":10}},"25":{"start":{"line":98,"column":12},"end":{"line":98,"column":35}},"26":{"start":{"line":102,"column":8},"end":{"line":104,"column":63}},"27":{"start":{"line":105,"column":8},"end":{"line":105,"column":14}},"28":{"start":{"line":112,"column":8},"end":{"line":121,"column":10},"skip":true},"29":{"start":{"line":119,"column":12},"end":{"line":119,"column":55},"skip":true},"30":{"start":{"line":120,"column":12},"end":{"line":120,"column":48},"skip":true},"31":{"start":{"line":123,"column":8},"end":{"line":136,"column":10},"skip":true},"32":{"start":{"line":130,"column":12},"end":{"line":130,"column":76},"skip":true},"33":{"start":{"line":131,"column":12},"end":{"line":131,"column":73},"skip":true},"34":{"start":{"line":132,"column":12},"end":{"line":132,"column":74},"skip":true},"35":{"start":{"line":133,"column":12},"end":{"line":133,"column":79},"skip":true},"36":{"start":{"line":134,"column":12},"end":{"line":134,"column":25},"skip":true},"37":{"start":{"line":135,"column":12},"end":{"line":135,"column":45},"skip":true},"38":{"start":{"line":138,"column":8},"end":{"line":145,"column":14},"skip":true},"39":{"start":{"line":143,"column":16},"end":{"line":143,"column":29},"skip":true},"40":{"start":{"line":144,"column":16},"end":{"line":144,"column":55},"skip":true},"41":{"start":{"line":147,"column":8},"end":{"line":156,"column":10},"skip":true},"42":{"start":{"line":154,"column":12},"end":{"line":154,"column":25},"skip":true},"43":{"start":{"line":155,"column":12},"end":{"line":155,"column":45},"skip":true},"44":{"start":{"line":158,"column":8},"end":{"line":167,"column":10},"skip":true},"45":{"start":{"line":165,"column":12},"end":{"line":165,"column":25},"skip":true},"46":{"start":{"line":166,"column":12},"end":{"line":166,"column":48},"skip":true},"47":{"start":{"line":169,"column":8},"end":{"line":178,"column":10},"skip":true},"48":{"start":{"line":176,"column":12},"end":{"line":176,"column":25},"skip":true},"49":{"start":{"line":177,"column":12},"end":{"line":177,"column":46},"skip":true},"50":{"start":{"line":180,"column":8},"end":{"line":189,"column":10},"skip":true},"51":{"start":{"line":187,"column":12},"end":{"line":187,"column":94},"skip":true},"52":{"start":{"line":188,"column":12},"end":{"line":188,"column":48},"skip":true},"53":{"start":{"line":192,"column":8},"end":{"line":192,"column":35},"skip":true},"54":{"start":{"line":193,"column":8},"end":{"line":193,"column":14},"skip":true}},"branchMap":{"1":{"line":25,"type":"binary-expr","locations":[{"start":{"line":25,"column":23},"end":{"line":25,"column":62}},{"start":{"line":26,"column":20},"end":{"line":26,"column":70}},{"start":{"line":27,"column":20},"end":{"line":27,"column":71}},{"start":{"line":28,"column":20},"end":{"line":28,"column":29}}]},"2":{"line":30,"type":"binary-expr","locations":[{"start":{"line":30,"column":23},"end":{"line":30,"column":37}},{"start":{"line":31,"column":20},"end":{"line":31,"column":61}},{"start":{"line":32,"column":20},"end":{"line":32,"column":70}},{"start":{"line":33,"column":20},"end":{"line":33,"column":26}}]},"3":{"line":37,"type":"cond-expr","locations":[{"start":{"line":38,"column":14},"end":{"line":38,"column":20}},{"start":{"line":39,"column":14},"end":{"line":39,"column":20}}]},"4":{"line":40,"type":"switch","locations":[{"start":{"line":42,"column":8},"end":{"line":47,"column":18}},{"start":{"line":49,"column":8},"end":{"line":52,"column":18}}]},"5":{"line":44,"type":"binary-expr","locations":[{"start":{"line":44,"column":16},"end":{"line":44,"column":44}},{"start":{"line":44,"column":48},"end":{"line":44,"column":66}}]},"6":{"line":50,"type":"binary-expr","locations":[{"start":{"line":50,"column":21},"end":{"line":50,"column":49}},{"start":{"line":50,"column":53},"end":{"line":50,"column":72}}]},"7":{"line":64,"type":"switch","locations":[{"start":{"line":69,"column":4},"end":{"line":70,"column":14}},{"start":{"line":75,"column":4},"end":{"line":76,"column":14}}]},"8":{"line":85,"type":"switch","locations":[{"start":{"line":90,"column":4},"end":{"line":105,"column":14}},{"start":{"line":111,"column":4},"end":{"line":193,"column":14},"skip":true}]},"9":{"line":91,"type":"binary-expr","locations":[{"start":{"line":91,"column":42},"end":{"line":91,"column":73}},{"start":{"line":91,"column":77},"end":{"line":99,"column":9}}]},"10":{"line":102,"type":"binary-expr","locations":[{"start":{"line":102,"column":18},"end":{"line":102,"column":32}},{"start":{"line":103,"column":12},"end":{"line":103,"column":53}},{"start":{"line":104,"column":12},"end":{"line":104,"column":61}}]},"11":{"line":112,"type":"binary-expr","locations":[{"start":{"line":112,"column":45},"end":{"line":112,"column":79},"skip":true},{"start":{"line":112,"column":83},"end":{"line":121,"column":9},"skip":true}]},"12":{"line":123,"type":"binary-expr","locations":[{"start":{"line":123,"column":42},"end":{"line":123,"column":73},"skip":true},{"start":{"line":123,"column":77},"end":{"line":136,"column":9},"skip":true}]},"13":{"line":138,"type":"binary-expr","locations":[{"start":{"line":138,"column":48},"end":{"line":138,"column":85},"skip":true},{"start":{"line":139,"column":12},"end":{"line":145,"column":13},"skip":true}]},"14":{"line":147,"type":"binary-expr","locations":[{"start":{"line":147,"column":42},"end":{"line":147,"column":73},"skip":true},{"start":{"line":147,"column":77},"end":{"line":156,"column":9},"skip":true}]},"15":{"line":158,"type":"binary-expr","locations":[{"start":{"line":158,"column":45},"end":{"line":158,"column":79},"skip":true},{"start":{"line":158,"column":83},"end":{"line":167,"column":9},"skip":true}]},"16":{"line":169,"type":"binary-expr","locations":[{"start":{"line":169,"column":43},"end":{"line":169,"column":75},"skip":true},{"start":{"line":169,"column":79},"end":{"line":178,"column":9},"skip":true}]},"17":{"line":180,"type":"binary-expr","locations":[{"start":{"line":180,"column":41},"end":{"line":180,"column":71},"skip":true},{"start":{"line":180,"column":75},"end":{"line":189,"column":9},"skip":true}]}},"code":["/* istanbul instrument in package npmtest_wifi_control */","/*jslint","    bitwise: true,","    browser: true,","    maxerr: 8,","    maxlen: 96,","    node: true,","    nomen: true,","    regexp: true,","    stupid: true","*/","(function () {","    'use strict';","    var local;","","","","    // run shared js-env code - pre-init","    (function () {","        // init local","        local = {};","        // init modeJs","        local.modeJs = (function () {","            try {","                return typeof navigator.userAgent === 'string' &&","                    typeof document.querySelector('body') === 'object' &&","                    typeof XMLHttpRequest.prototype.open === 'function' &&","                    'browser';","            } catch (errorCaughtBrowser) {","                return module.exports &&","                    typeof process.versions.node === 'string' &&","                    typeof require('http').createServer === 'function' &&","                    'node';","            }","        }());","        // init global","        local.global = local.modeJs === 'browser'","            ? window","            : global;","        switch (local.modeJs) {","        // re-init local from window.local","        case 'browser':","            local = local.global.utility2.objectSetDefault(","                local.global.utility2_rollup || local.global.local,","                local.global.utility2","            );","            break;","        // re-init local from example.js","        case 'node':","            local = (local.global.utility2_rollup || require('utility2'))","                .requireExampleJsFromReadme();","            break;","        }","        // export local","        local.global.local = local;","    }());","","","","    // run shared js-env code - function","    (function () {","        return;","    }());","    switch (local.modeJs) {","","","","    // run browser js-env code - function","    case 'browser':","        break;","","","","    // run node js-env code - function","    case 'node':","        break;","    }","","","","    // run shared js-env code - post-init","    (function () {","        return;","    }());","    switch (local.modeJs) {","","","","    // run browser js-env code - post-init","    case 'browser':","        local.testCase_browser_nullCase = local.testCase_browser_nullCase || function (","            options,","            onError","        ) {","        /*","         * this function will test browsers's null-case handling-behavior-behavior","         */","            onError(null, options);","        };","","        // run tests","        local.nop(local.modeTest &&","            document.querySelector('#testRunButton1') &&","            document.querySelector('#testRunButton1').click());","        break;","","","","    // run node js-env code - post-init","    /* istanbul ignore next */","    case 'node':","        local.testCase_buildApidoc_default = local.testCase_buildApidoc_default || function (","            options,","            onError","        ) {","        /*","         * this function will test buildApidoc's default handling-behavior-behavior","         */","            options = { modulePathList: module.paths };","            local.buildApidoc(options, onError);","        };","","        local.testCase_buildApp_default = local.testCase_buildApp_default || function (","            options,","            onError","        ) {","        /*","         * this function will test buildApp's default handling-behavior-behavior","         */","            local.testCase_buildReadme_default(options, local.onErrorThrow);","            local.testCase_buildLib_default(options, local.onErrorThrow);","            local.testCase_buildTest_default(options, local.onErrorThrow);","            local.testCase_buildCustomOrg_default(options, local.onErrorThrow);","            options = [];","            local.buildApp(options, onError);","        };","","        local.testCase_buildCustomOrg_default = local.testCase_buildCustomOrg_default ||","            function (options, onError) {","            /*","             * this function will test buildCustomOrg's default handling-behavior","             */","                options = {};","                local.buildCustomOrg(options, onError);","            };","","        local.testCase_buildLib_default = local.testCase_buildLib_default || function (","            options,","            onError","        ) {","        /*","         * this function will test buildLib's default handling-behavior","         */","            options = {};","            local.buildLib(options, onError);","        };","","        local.testCase_buildReadme_default = local.testCase_buildReadme_default || function (","            options,","            onError","        ) {","        /*","         * this function will test buildReadme's default handling-behavior-behavior","         */","            options = {};","            local.buildReadme(options, onError);","        };","","        local.testCase_buildTest_default = local.testCase_buildTest_default || function (","            options,","            onError","        ) {","        /*","         * this function will test buildTest's default handling-behavior","         */","            options = {};","            local.buildTest(options, onError);","        };","","        local.testCase_webpage_default = local.testCase_webpage_default || function (","            options,","            onError","        ) {","        /*","         * this function will test webpage's default handling-behavior","         */","            options = { modeCoverageMerge: true, url: local.serverLocalHost + '?modeTest=1' };","            local.browserTest(options, onError);","        };","","        // run test-server","        local.testRunServer(local);","        break;","    }","}());",""],"l":{"12":2,"14":2,"19":2,"21":2,"23":2,"24":2,"25":2,"30":1,"37":2,"40":2,"43":1,"47":1,"50":1,"52":1,"55":2,"61":2,"62":2,"64":2,"70":1,"76":1,"82":2,"83":2,"85":2,"91":1,"98":1,"102":1,"105":1,"112":1,"119":1,"120":1,"123":1,"130":1,"131":1,"132":1,"133":1,"134":1,"135":1,"138":1,"143":2,"144":2,"147":1,"154":2,"155":2,"158":1,"165":2,"166":2,"169":1,"176":2,"177":2,"180":1,"187":1,"188":1,"192":1,"193":1}},"/home/travis/build/npmtest/node-npmtest-wifi-control/lib.npmtest_wifi_control.js":{"path":"/home/travis/build/npmtest/node-npmtest-wifi-control/lib.npmtest_wifi_control.js","s":{"1":2,"2":2,"3":2,"4":2,"5":2,"6":2,"7":2,"8":1,"9":2,"10":2,"11":2,"12":2,"13":1,"14":1,"15":1,"16":1},"b":{"1":[2,1,1,1],"2":[1,1,1,1],"3":[1,1],"4":[2,2],"5":[1,1]},"f":{"1":2,"2":2,"3":2},"fnMap":{"1":{"name":"(anonymous_1)","line":12,"loc":{"start":{"line":12,"column":1},"end":{"line":12,"column":13}}},"2":{"name":"(anonymous_2)","line":19,"loc":{"start":{"line":19,"column":5},"end":{"line":19,"column":17}}},"3":{"name":"(anonymous_3)","line":23,"loc":{"start":{"line":23,"column":24},"end":{"line":23,"column":36}}}},"statementMap":{"1":{"start":{"line":12,"column":0},"end":{"line":53,"column":5}},"2":{"start":{"line":14,"column":4},"end":{"line":14,"column":14}},"3":{"start":{"line":19,"column":4},"end":{"line":52,"column":9}},"4":{"start":{"line":21,"column":8},"end":{"line":21,"column":19}},"5":{"start":{"line":23,"column":8},"end":{"line":35,"column":13}},"6":{"start":{"line":24,"column":12},"end":{"line":34,"column":13}},"7":{"start":{"line":25,"column":16},"end":{"line":28,"column":30}},"8":{"start":{"line":30,"column":16},"end":{"line":33,"column":27}},"9":{"start":{"line":37,"column":8},"end":{"line":39,"column":21}},"10":{"start":{"line":41,"column":8},"end":{"line":41,"column":54}},"11":{"start":{"line":43,"column":8},"end":{"line":43,"column":57}},"12":{"start":{"line":45,"column":8},"end":{"line":51,"column":9}},"13":{"start":{"line":46,"column":12},"end":{"line":46,"column":63}},"14":{"start":{"line":48,"column":12},"end":{"line":48,"column":35}},"15":{"start":{"line":49,"column":12},"end":{"line":49,"column":49}},"16":{"start":{"line":50,"column":12},"end":{"line":50,"column":43}}},"branchMap":{"1":{"line":25,"type":"binary-expr","locations":[{"start":{"line":25,"column":23},"end":{"line":25,"column":62}},{"start":{"line":26,"column":20},"end":{"line":26,"column":70}},{"start":{"line":27,"column":20},"end":{"line":27,"column":71}},{"start":{"line":28,"column":20},"end":{"line":28,"column":29}}]},"2":{"line":30,"type":"binary-expr","locations":[{"start":{"line":30,"column":23},"end":{"line":30,"column":37}},{"start":{"line":31,"column":20},"end":{"line":31,"column":61}},{"start":{"line":32,"column":20},"end":{"line":32,"column":70}},{"start":{"line":33,"column":20},"end":{"line":33,"column":26}}]},"3":{"line":37,"type":"cond-expr","locations":[{"start":{"line":38,"column":14},"end":{"line":38,"column":20}},{"start":{"line":39,"column":14},"end":{"line":39,"column":20}}]},"4":{"line":41,"type":"binary-expr","locations":[{"start":{"line":41,"column":16},"end":{"line":41,"column":44}},{"start":{"line":41,"column":48},"end":{"line":41,"column":53}}]},"5":{"line":45,"type":"if","locations":[{"start":{"line":45,"column":8},"end":{"line":45,"column":8}},{"start":{"line":45,"column":8},"end":{"line":45,"column":8}}]}},"code":["/* istanbul instrument in package npmtest_wifi_control */","/*jslint","    bitwise: true,","    browser: true,","    maxerr: 8,","    maxlen: 96,","    node: true,","    nomen: true,","    regexp: true,","    stupid: true","*/","(function () {","    'use strict';","    var local;","","","","    // run shared js-env code - pre-init","    (function () {","        // init local","        local = {};","        // init modeJs","        local.modeJs = (function () {","            try {","                return typeof navigator.userAgent === 'string' &&","                    typeof document.querySelector('body') === 'object' &&","                    typeof XMLHttpRequest.prototype.open === 'function' &&","                    'browser';","            } catch (errorCaughtBrowser) {","                return module.exports &&","                    typeof process.versions.node === 'string' &&","                    typeof require('http').createServer === 'function' &&","                    'node';","            }","        }());","        // init global","        local.global = local.modeJs === 'browser'","            ? window","            : global;","        // init utility2_rollup","        local = local.global.utility2_rollup || local;","        // init lib","        local.local = local.npmtest_wifi_control = local;","        // init exports","        if (local.modeJs === 'browser') {","            local.global.utility2_npmtest_wifi_control = local;","        } else {","            module.exports = local;","            module.exports.__dirname = __dirname;","            module.exports.module = module;","        }","    }());","}());",""],"l":{"12":2,"14":2,"19":2,"21":2,"23":2,"24":2,"25":2,"30":1,"37":2,"41":2,"43":2,"45":2,"46":1,"48":1,"49":1,"50":1}},"/home/travis/build/npmtest/node-npmtest-wifi-control/example.js":{"path":"/home/travis/build/npmtest/node-npmtest-wifi-control/example.js","s":{"1":2,"2":2,"3":2,"4":2,"5":2,"6":2,"7":2,"8":1,"9":2,"10":2,"11":2,"12":2,"13":1,"14":2,"15":2,"16":2,"17":2,"18":2,"19":0,"20":2,"21":1,"22":1,"23":1,"24":1,"25":1,"26":0,"27":0,"28":1,"29":1,"30":2,"31":0,"32":0,"33":0,"34":1,"35":2,"36":2,"37":3,"38":3,"39":3,"40":3,"41":0,"42":3,"43":3,"44":3,"45":1,"46":3,"47":1,"48":1,"49":1,"50":1,"51":1,"52":1,"53":1,"54":1,"55":1,"56":1,"57":0,"58":1,"59":6,"60":6,"61":1,"62":2,"63":0,"64":2,"65":1,"66":1,"67":0,"68":0,"69":0,"70":0,"71":0,"72":0,"73":0,"74":0,"75":0,"76":0,"77":0,"78":0,"79":0,"80":0,"81":0,"82":0,"83":0},"b":{"1":[2,1,1,1],"2":[1,1,1,1],"3":[1,1],"4":[2,2],"5":[1,1],"6":[1,1],"7":[2,0],"8":[2,1,1,1,1,1],"9":[0,2,0],"10":[1,1],"11":[2,1,1],"12":[1,0],"13":[0,2],"14":[2,0,0,0,0,0,0],"15":[0,3],"16":[3,0],"17":[1,1],"18":[0,1],"19":[1,2,0,2],"20":[1,0],"21":[1,1],"22":[0,0],"23":[0,0],"24":[0,0],"25":[0,0],"26":[0,0],"27":[0,0],"28":[0,0]},"f":{"1":2,"2":2,"3":2,"4":2,"5":2,"6":2,"7":3,"8":3,"9":3,"10":1,"11":6,"12":0},"fnMap":{"1":{"name":"(anonymous_1)","line":26,"loc":{"start":{"line":26,"column":1},"end":{"line":26,"column":13}}},"2":{"name":"(anonymous_2)","line":33,"loc":{"start":{"line":33,"column":5},"end":{"line":33,"column":17}}},"3":{"name":"(anonymous_3)","line":37,"loc":{"start":{"line":37,"column":24},"end":{"line":37,"column":36}}},"4":{"name":"(anonymous_4)","line":69,"loc":{"start":{"line":69,"column":31},"end":{"line":69,"column":48}},"skip":true},"5":{"name":"(anonymous_5)","line":78,"loc":{"start":{"line":78,"column":26},"end":{"line":78,"column":45}},"skip":true},"6":{"name":"(anonymous_6)","line":123,"loc":{"start":{"line":123,"column":33},"end":{"line":123,"column":48}},"skip":true},"7":{"name":"(anonymous_7)","line":125,"loc":{"start":{"line":125,"column":27},"end":{"line":125,"column":39}},"skip":true},"8":{"name":"(anonymous_8)","line":133,"loc":{"start":{"line":133,"column":59},"end":{"line":133,"column":74}},"skip":true},"9":{"name":"(anonymous_9)","line":143,"loc":{"start":{"line":143,"column":45},"end":{"line":143,"column":62}},"skip":true},"10":{"name":"(anonymous_10)","line":144,"loc":{"start":{"line":144,"column":73},"end":{"line":144,"column":92}},"skip":true},"11":{"name":"(anonymous_11)","line":272,"loc":{"start":{"line":272,"column":51},"end":{"line":272,"column":77}},"skip":true},"12":{"name":"(anonymous_12)","line":315,"loc":{"start":{"line":315,"column":32},"end":{"line":315,"column":61}},"skip":true}},"statementMap":{"1":{"start":{"line":26,"column":0},"end":{"line":326,"column":5}},"2":{"start":{"line":28,"column":4},"end":{"line":28,"column":14}},"3":{"start":{"line":33,"column":4},"end":{"line":60,"column":9}},"4":{"start":{"line":35,"column":8},"end":{"line":35,"column":19}},"5":{"start":{"line":37,"column":8},"end":{"line":49,"column":13}},"6":{"start":{"line":38,"column":12},"end":{"line":48,"column":13}},"7":{"start":{"line":39,"column":16},"end":{"line":42,"column":30}},"8":{"start":{"line":44,"column":16},"end":{"line":47,"column":27}},"9":{"start":{"line":51,"column":8},"end":{"line":53,"column":21}},"10":{"start":{"line":55,"column":8},"end":{"line":57,"column":45}},"11":{"start":{"line":59,"column":8},"end":{"line":59,"column":35}},"12":{"start":{"line":61,"column":4},"end":{"line":325,"column":5}},"13":{"start":{"line":69,"column":8},"end":{"line":121,"column":10},"skip":true},"14":{"start":{"line":70,"column":12},"end":{"line":88,"column":13},"skip":true},"15":{"start":{"line":76,"column":16},"end":{"line":87,"column":19},"skip":true},"16":{"start":{"line":79,"column":20},"end":{"line":86,"column":21},"skip":true},"17":{"start":{"line":82,"column":24},"end":{"line":82,"column":43},"skip":true},"18":{"start":{"line":83,"column":24},"end":{"line":83,"column":30},"skip":true},"19":{"start":{"line":85,"column":24},"end":{"line":85,"column":49},"skip":true},"20":{"start":{"line":89,"column":12},"end":{"line":107,"column":13},"skip":true},"21":{"start":{"line":92,"column":16},"end":{"line":102,"column":17},"skip":true},"22":{"start":{"line":93,"column":20},"end":{"line":93,"column":86},"skip":true},"23":{"start":{"line":94,"column":20},"end":{"line":95,"column":45},"skip":true},"24":{"start":{"line":96,"column":20},"end":{"line":96,"column":42},"skip":true},"25":{"start":{"line":97,"column":20},"end":{"line":97,"column":48},"skip":true},"26":{"start":{"line":100,"column":20},"end":{"line":100,"column":85},"skip":true},"27":{"start":{"line":101,"column":20},"end":{"line":101,"column":96},"skip":true},"28":{"start":{"line":103,"column":16},"end":{"line":103,"column":22},"skip":true},"29":{"start":{"line":106,"column":16},"end":{"line":106,"column":22},"skip":true},"30":{"start":{"line":108,"column":12},"end":{"line":120,"column":13},"skip":true},"31":{"start":{"line":114,"column":16},"end":{"line":119,"column":17},"skip":true},"32":{"start":{"line":116,"column":20},"end":{"line":116,"column":78},"skip":true},"33":{"start":{"line":118,"column":20},"end":{"line":118,"column":47},"skip":true},"34":{"start":{"line":123,"column":8},"end":{"line":141,"column":11},"skip":true},"35":{"start":{"line":124,"column":12},"end":{"line":124,"column":54},"skip":true},"36":{"start":{"line":125,"column":12},"end":{"line":140,"column":14},"skip":true},"37":{"start":{"line":126,"column":16},"end":{"line":126,"column":28},"skip":true},"38":{"start":{"line":127,"column":16},"end":{"line":127,"column":69},"skip":true},"39":{"start":{"line":128,"column":16},"end":{"line":128,"column":75},"skip":true},"40":{"start":{"line":129,"column":16},"end":{"line":131,"column":17},"skip":true},"41":{"start":{"line":130,"column":20},"end":{"line":130,"column":27},"skip":true},"42":{"start":{"line":133,"column":16},"end":{"line":137,"column":36},"skip":true},"43":{"start":{"line":134,"column":20},"end":{"line":136,"column":55},"skip":true},"44":{"start":{"line":139,"column":16},"end":{"line":139,"column":57},"skip":true},"45":{"start":{"line":143,"column":8},"end":{"line":147,"column":11},"skip":true},"46":{"start":{"line":144,"column":12},"end":{"line":146,"column":15},"skip":true},"47":{"start":{"line":145,"column":16},"end":{"line":145,"column":70},"skip":true},"48":{"start":{"line":149,"column":8},"end":{"line":149,"column":31},"skip":true},"49":{"start":{"line":150,"column":8},"end":{"line":150,"column":14},"skip":true},"50":{"start":{"line":158,"column":8},"end":{"line":158,"column":31},"skip":true},"51":{"start":{"line":160,"column":8},"end":{"line":160,"column":33},"skip":true},"52":{"start":{"line":161,"column":8},"end":{"line":161,"column":37},"skip":true},"53":{"start":{"line":162,"column":8},"end":{"line":162,"column":35},"skip":true},"54":{"start":{"line":164,"column":8},"end":{"line":164,"column":50},"skip":true},"55":{"start":{"line":166,"column":8},"end":{"line":256,"column":2},"skip":true},"56":{"start":{"line":258,"column":8},"end":{"line":286,"column":9},"skip":true},"57":{"start":{"line":259,"column":12},"end":{"line":269,"column":14},"skip":true},"58":{"start":{"line":271,"column":12},"end":{"line":285,"column":19},"skip":true},"59":{"start":{"line":274,"column":20},"end":{"line":274,"column":35},"skip":true},"60":{"start":{"line":275,"column":20},"end":{"line":284,"column":21},"skip":true},"61":{"start":{"line":277,"column":24},"end":{"line":277,"column":64},"skip":true},"62":{"start":{"line":279,"column":24},"end":{"line":279,"column":40},"skip":true},"63":{"start":{"line":281,"column":24},"end":{"line":281,"column":40},"skip":true},"64":{"start":{"line":283,"column":24},"end":{"line":283,"column":39},"skip":true},"65":{"start":{"line":288,"column":8},"end":{"line":290,"column":9},"skip":true},"66":{"start":{"line":289,"column":12},"end":{"line":289,"column":18},"skip":true},"67":{"start":{"line":291,"column":8},"end":{"line":293,"column":54},"skip":true},"68":{"start":{"line":296,"column":8},"end":{"line":301,"column":37},"skip":true},"69":{"start":{"line":303,"column":8},"end":{"line":303,"column":82},"skip":true},"70":{"start":{"line":306,"column":8},"end":{"line":308,"column":9},"skip":true},"71":{"start":{"line":307,"column":12},"end":{"line":307,"column":82},"skip":true},"72":{"start":{"line":310,"column":8},"end":{"line":312,"column":9},"skip":true},"73":{"start":{"line":311,"column":12},"end":{"line":311,"column":18},"skip":true},"74":{"start":{"line":313,"column":8},"end":{"line":313,"column":54},"skip":true},"75":{"start":{"line":314,"column":8},"end":{"line":314,"column":69},"skip":true},"76":{"start":{"line":315,"column":8},"end":{"line":323,"column":36},"skip":true},"77":{"start":{"line":316,"column":12},"end":{"line":316,"column":61},"skip":true},"78":{"start":{"line":317,"column":12},"end":{"line":320,"column":13},"skip":true},"79":{"start":{"line":318,"column":16},"end":{"line":318,"column":75},"skip":true},"80":{"start":{"line":319,"column":16},"end":{"line":319,"column":23},"skip":true},"81":{"start":{"line":321,"column":12},"end":{"line":321,"column":38},"skip":true},"82":{"start":{"line":322,"column":12},"end":{"line":322,"column":27},"skip":true},"83":{"start":{"line":324,"column":8},"end":{"line":324,"column":14},"skip":true}},"branchMap":{"1":{"line":39,"type":"binary-expr","locations":[{"start":{"line":39,"column":23},"end":{"line":39,"column":62}},{"start":{"line":40,"column":20},"end":{"line":40,"column":70}},{"start":{"line":41,"column":20},"end":{"line":41,"column":71}},{"start":{"line":42,"column":20},"end":{"line":42,"column":29}}]},"2":{"line":44,"type":"binary-expr","locations":[{"start":{"line":44,"column":23},"end":{"line":44,"column":37}},{"start":{"line":45,"column":20},"end":{"line":45,"column":61}},{"start":{"line":46,"column":20},"end":{"line":46,"column":70}},{"start":{"line":47,"column":20},"end":{"line":47,"column":26}}]},"3":{"line":51,"type":"cond-expr","locations":[{"start":{"line":52,"column":14},"end":{"line":52,"column":20}},{"start":{"line":53,"column":14},"end":{"line":53,"column":20}}]},"4":{"line":55,"type":"binary-expr","locations":[{"start":{"line":55,"column":16},"end":{"line":55,"column":44}},{"start":{"line":55,"column":49},"end":{"line":57,"column":43}}]},"5":{"line":55,"type":"cond-expr","locations":[{"start":{"line":56,"column":14},"end":{"line":56,"column":56}},{"start":{"line":57,"column":14},"end":{"line":57,"column":43}}]},"6":{"line":61,"type":"switch","locations":[{"start":{"line":68,"column":4},"end":{"line":150,"column":14},"skip":true},{"start":{"line":156,"column":4},"end":{"line":324,"column":14},"skip":true}]},"7":{"line":70,"type":"if","locations":[{"start":{"line":70,"column":12},"end":{"line":70,"column":12},"skip":true},{"start":{"line":70,"column":12},"end":{"line":70,"column":12},"skip":true}]},"8":{"line":70,"type":"binary-expr","locations":[{"start":{"line":70,"column":16},"end":{"line":70,"column":22},"skip":true},{"start":{"line":70,"column":27},"end":{"line":70,"column":32},"skip":true},{"start":{"line":71,"column":20},"end":{"line":71,"column":39},"skip":true},{"start":{"line":72,"column":20},"end":{"line":72,"column":49},"skip":true},{"start":{"line":73,"column":20},"end":{"line":73,"column":58},"skip":true},{"start":{"line":74,"column":20},"end":{"line":74,"column":69},"skip":true}]},"9":{"line":79,"type":"switch","locations":[{"start":{"line":80,"column":20},"end":{"line":80,"column":33},"skip":true},{"start":{"line":81,"column":20},"end":{"line":83,"column":30},"skip":true},{"start":{"line":84,"column":20},"end":{"line":85,"column":49},"skip":true}]},"10":{"line":89,"type":"switch","locations":[{"start":{"line":90,"column":12},"end":{"line":103,"column":22},"skip":true},{"start":{"line":105,"column":12},"end":{"line":106,"column":22},"skip":true}]},"11":{"line":89,"type":"binary-expr","locations":[{"start":{"line":89,"column":20},"end":{"line":89,"column":25},"skip":true},{"start":{"line":89,"column":29},"end":{"line":89,"column":48},"skip":true},{"start":{"line":89,"column":52},"end":{"line":89,"column":74},"skip":true}]},"12":{"line":92,"type":"if","locations":[{"start":{"line":92,"column":16},"end":{"line":92,"column":16},"skip":true},{"start":{"line":92,"column":16},"end":{"line":92,"column":16},"skip":true}]},"13":{"line":108,"type":"if","locations":[{"start":{"line":108,"column":12},"end":{"line":108,"column":12},"skip":true},{"start":{"line":108,"column":12},"end":{"line":108,"column":12},"skip":true}]},"14":{"line":108,"type":"binary-expr","locations":[{"start":{"line":108,"column":16},"end":{"line":108,"column":61},"skip":true},{"start":{"line":108,"column":66},"end":{"line":108,"column":72},"skip":true},{"start":{"line":108,"column":77},"end":{"line":108,"column":82},"skip":true},{"start":{"line":109,"column":20},"end":{"line":109,"column":39},"skip":true},{"start":{"line":110,"column":20},"end":{"line":110,"column":49},"skip":true},{"start":{"line":111,"column":20},"end":{"line":111,"column":58},"skip":true},{"start":{"line":112,"column":20},"end":{"line":112,"column":68},"skip":true}]},"15":{"line":129,"type":"if","locations":[{"start":{"line":129,"column":16},"end":{"line":129,"column":16},"skip":true},{"start":{"line":129,"column":16},"end":{"line":129,"column":16},"skip":true}]},"16":{"line":134,"type":"cond-expr","locations":[{"start":{"line":135,"column":26},"end":{"line":135,"column":29},"skip":true},{"start":{"line":136,"column":26},"end":{"line":136,"column":54},"skip":true}]},"17":{"line":164,"type":"binary-expr","locations":[{"start":{"line":164,"column":27},"end":{"line":164,"column":43},"skip":true},{"start":{"line":164,"column":47},"end":{"line":164,"column":49},"skip":true}]},"18":{"line":258,"type":"if","locations":[{"start":{"line":258,"column":8},"end":{"line":258,"column":8},"skip":true},{"start":{"line":258,"column":8},"end":{"line":258,"column":8},"skip":true}]},"19":{"line":275,"type":"switch","locations":[{"start":{"line":276,"column":20},"end":{"line":277,"column":64},"skip":true},{"start":{"line":278,"column":20},"end":{"line":279,"column":40},"skip":true},{"start":{"line":280,"column":20},"end":{"line":281,"column":40},"skip":true},{"start":{"line":282,"column":20},"end":{"line":283,"column":39},"skip":true}]},"20":{"line":288,"type":"if","locations":[{"start":{"line":288,"column":8},"end":{"line":288,"column":8},"skip":true},{"start":{"line":288,"column":8},"end":{"line":288,"column":8},"skip":true}]},"21":{"line":288,"type":"binary-expr","locations":[{"start":{"line":288,"column":12},"end":{"line":288,"column":40},"skip":true},{"start":{"line":288,"column":44},"end":{"line":288,"column":67},"skip":true}]},"22":{"line":292,"type":"binary-expr","locations":[{"start":{"line":292,"column":12},"end":{"line":292,"column":50},"skip":true},{"start":{"line":293,"column":12},"end":{"line":293,"column":53},"skip":true}]},"23":{"line":297,"type":"binary-expr","locations":[{"start":{"line":297,"column":12},"end":{"line":297,"column":70},"skip":true},{"start":{"line":298,"column":12},"end":{"line":301,"column":36},"skip":true}]},"24":{"line":303,"type":"binary-expr","locations":[{"start":{"line":303,"column":43},"end":{"line":303,"column":75},"skip":true},{"start":{"line":303,"column":79},"end":{"line":303,"column":81},"skip":true}]},"25":{"line":306,"type":"if","locations":[{"start":{"line":306,"column":8},"end":{"line":306,"column":8},"skip":true},{"start":{"line":306,"column":8},"end":{"line":306,"column":8},"skip":true}]},"26":{"line":310,"type":"if","locations":[{"start":{"line":310,"column":8},"end":{"line":310,"column":8},"skip":true},{"start":{"line":310,"column":8},"end":{"line":310,"column":8},"skip":true}]},"27":{"line":313,"type":"binary-expr","locations":[{"start":{"line":313,"column":27},"end":{"line":313,"column":43},"skip":true},{"start":{"line":313,"column":47},"end":{"line":313,"column":53},"skip":true}]},"28":{"line":317,"type":"if","locations":[{"start":{"line":317,"column":12},"end":{"line":317,"column":12},"skip":true},{"start":{"line":317,"column":12},"end":{"line":317,"column":12},"skip":true}]}},"code":["/*","example.js","","quickstart example","","instruction","    1. save this script as example.js","    2. run the shell command:","        $ npm install npmtest-wifi-control && PORT=8081 node example.js","    3. play with the browser-demo on http://127.0.0.1:8081","*/","","","","/* istanbul instrument in package npmtest_wifi_control */","/*jslint","    bitwise: true,","    browser: true,","    maxerr: 8,","    maxlen: 96,","    node: true,","    nomen: true,","    regexp: true,","    stupid: true","*/","(function () {","    'use strict';","    var local;","","","","    // run shared js-env code - pre-init","    (function () {","        // init local","        local = {};","        // init modeJs","        local.modeJs = (function () {","            try {","                return typeof navigator.userAgent === 'string' &&","                    typeof document.querySelector('body') === 'object' &&","                    typeof XMLHttpRequest.prototype.open === 'function' &&","                    'browser';","            } catch (errorCaughtBrowser) {","                return module.exports &&","                    typeof process.versions.node === 'string' &&","                    typeof require('http').createServer === 'function' &&","                    'node';","            }","        }());","        // init global","        local.global = local.modeJs === 'browser'","            ? window","            : global;","        // init utility2_rollup","        local = local.global.utility2_rollup || (local.modeJs === 'browser'","            ? local.global.utility2_npmtest_wifi_control","            : global.utility2_moduleExports);","        // export local","        local.global.local = local;","    }());","    switch (local.modeJs) {","","","","    // post-init","    // run browser js-env code - post-init","    /* istanbul ignore next */","    case 'browser':","        local.testRunBrowser = function (event) {","            if (!event || (event &&","                    event.currentTarget &&","                    event.currentTarget.className &&","                    event.currentTarget.className.includes &&","                    event.currentTarget.className.includes('onreset'))) {","                // reset output","                Array.from(","                    document.querySelectorAll('body > .resettable')","                ).forEach(function (element) {","                    switch (element.tagName) {","                    case 'INPUT':","                    case 'TEXTAREA':","                        element.value = '';","                        break;","                    default:","                        element.textContent = '';","                    }","                });","            }","            switch (event && event.currentTarget && event.currentTarget.id) {","            case 'testRunButton1':","                // show tests","                if (document.querySelector('#testReportDiv1').style.display === 'none') {","                    document.querySelector('#testReportDiv1').style.display = 'block';","                    document.querySelector('#testRunButton1').textContent =","                        'hide internal test';","                    local.modeTest = true;","                    local.testRunDefault(local);","                // hide tests","                } else {","                    document.querySelector('#testReportDiv1').style.display = 'none';","                    document.querySelector('#testRunButton1').textContent = 'run internal test';","                }","                break;","            // custom-case","            default:","                break;","            }","            if (document.querySelector('#inputTextareaEval1') && (!event || (event &&","                    event.currentTarget &&","                    event.currentTarget.className &&","                    event.currentTarget.className.includes &&","                    event.currentTarget.className.includes('oneval')))) {","                // try to eval input-code","                try {","                    /*jslint evil: true*/","                    eval(document.querySelector('#inputTextareaEval1').value);","                } catch (errorCaught) {","                    console.error(errorCaught);","                }","            }","        };","        // log stderr and stdout to #outputTextareaStdout1","        ['error', 'log'].forEach(function (key) {","            console[key + '_original'] = console[key];","            console[key] = function () {","                var element;","                console[key + '_original'].apply(console, arguments);","                element = document.querySelector('#outputTextareaStdout1');","                if (!element) {","                    return;","                }","                // append text to #outputTextareaStdout1","                element.value += Array.from(arguments).map(function (arg) {","                    return typeof arg === 'string'","                        ? arg","                        : JSON.stringify(arg, null, 4);","                }).join(' ') + '\\n';","                // scroll textarea to bottom","                element.scrollTop = element.scrollHeight;","            };","        });","        // init event-handling","        ['change', 'click', 'keyup'].forEach(function (event) {","            Array.from(document.querySelectorAll('.on' + event)).forEach(function (element) {","                element.addEventListener(event, local.testRunBrowser);","            });","        });","        // run tests","        local.testRunBrowser();","        break;","","","","    // run node js-env code - post-init","    /* istanbul ignore next */","    case 'node':","        // export local","        module.exports = local;","        // require modules","        local.fs = require('fs');","        local.http = require('http');","        local.url = require('url');","        // init assets","        local.assetsDict = local.assetsDict || {};","        /* jslint-ignore-begin */","        local.assetsDict['/assets.index.template.html'] = '\\","<!doctype html>\\n\\","<html lang=\"en\">\\n\\","<head>\\n\\","<meta charset=\"UTF-8\">\\n\\","<meta name=\"viewport\" content=\"width=device-width, initial-scale=1\">\\n\\","<title>{{env.npm_package_name}} (v{{env.npm_package_version}})</title>\\n\\","<style>\\n\\","/*csslint\\n\\","    box-sizing: false,\\n\\","    universal-selector: false\\n\\","*/\\n\\","* {\\n\\","    box-sizing: border-box;\\n\\","}\\n\\","body {\\n\\","    background: #dde;\\n\\","    font-family: Arial, Helvetica, sans-serif;\\n\\","    margin: 2rem;\\n\\","}\\n\\","body > * {\\n\\","    margin-bottom: 1rem;\\n\\","}\\n\\",".utility2FooterDiv {\\n\\","    margin-top: 20px;\\n\\","    text-align: center;\\n\\","}\\n\\","</style>\\n\\","<style>\\n\\","/*csslint\\n\\","*/\\n\\","textarea {\\n\\","    font-family: monospace;\\n\\","    height: 10rem;\\n\\","    width: 100%;\\n\\","}\\n\\","textarea[readonly] {\\n\\","    background: #ddd;\\n\\","}\\n\\","</style>\\n\\","</head>\\n\\","<body>\\n\\","<!-- utility2-comment\\n\\","<div id=\"ajaxProgressDiv1\" style=\"background: #d00; height: 2px; left: 0; margin: 0; padding: 0; position: fixed; top: 0; transition: background 0.5s, width 1.5s; width: 25%;\"></div>\\n\\","utility2-comment -->\\n\\","<h1>\\n\\","<!-- utility2-comment\\n\\","    <a\\n\\","        {{#if env.npm_package_homepage}}\\n\\","        href=\"{{env.npm_package_homepage}}\"\\n\\","        {{/if env.npm_package_homepage}}\\n\\","        target=\"_blank\"\\n\\","    >\\n\\","utility2-comment -->\\n\\","        {{env.npm_package_name}} (v{{env.npm_package_version}})\\n\\","<!-- utility2-comment\\n\\","    </a>\\n\\","utility2-comment -->\\n\\","</h1>\\n\\","<h3>{{env.npm_package_description}}</h3>\\n\\","<!-- utility2-comment\\n\\","<h4><a download href=\"assets.app.js\">download standalone app</a></h4>\\n\\","<button class=\"onclick onreset\" id=\"testRunButton1\">run internal test</button><br>\\n\\","<div id=\"testReportDiv1\" style=\"display: none;\"></div>\\n\\","utility2-comment -->\\n\\","\\n\\","\\n\\","\\n\\","<label>stderr and stdout</label>\\n\\","<textarea class=\"resettable\" id=\"outputTextareaStdout1\" readonly></textarea>\\n\\","<!-- utility2-comment\\n\\","{{#if isRollup}}\\n\\","<script src=\"assets.app.js\"></script>\\n\\","{{#unless isRollup}}\\n\\","utility2-comment -->\\n\\","<script src=\"assets.utility2.rollup.js\"></script>\\n\\","<script src=\"jsonp.utility2._stateInit?callback=window.utility2._stateInit\"></script>\\n\\","<script src=\"assets.npmtest_wifi_control.rollup.js\"></script>\\n\\","<script src=\"assets.example.js\"></script>\\n\\","<script src=\"assets.test.js\"></script>\\n\\","<!-- utility2-comment\\n\\","{{/if isRollup}}\\n\\","utility2-comment -->\\n\\","<div class=\"utility2FooterDiv\">\\n\\","    [ this app was created with\\n\\","    <a href=\"https://github.com/kaizhu256/node-utility2\" target=\"_blank\">utility2</a>\\n\\","    ]\\n\\","</div>\\n\\","</body>\\n\\","</html>\\n\\","';","        /* jslint-ignore-end */","        if (local.templateRender) {","            local.assetsDict['/'] = local.templateRender(","                local.assetsDict['/assets.index.template.html'],","                {","                    env: local.objectSetDefault(local.env, {","                        npm_package_description: 'the greatest app in the world!',","                        npm_package_name: 'my-app',","                        npm_package_nameAlias: 'my_app',","                        npm_package_version: '0.0.1'","                    })","                }","            );","        } else {","            local.assetsDict['/'] = local.assetsDict['/assets.index.template.html']","                .replace((/\\{\\{env\\.(\\w+?)\\}\\}/g), function (match0, match1) {","                    // jslint-hack","                    String(match0);","                    switch (match1) {","                    case 'npm_package_description':","                        return 'the greatest app in the world!';","                    case 'npm_package_name':","                        return 'my-app';","                    case 'npm_package_nameAlias':","                        return 'my_app';","                    case 'npm_package_version':","                        return '0.0.1';","                    }","                });","        }","        // run the cli","        if (local.global.utility2_rollup || module !== require.main) {","            break;","        }","        local.assetsDict['/assets.example.js'] =","            local.assetsDict['/assets.example.js'] ||","            local.fs.readFileSync(__filename, 'utf8');","        // bug-workaround - long $npm_package_buildCustomOrg","        /* jslint-ignore-begin */","        local.assetsDict['/assets.npmtest_wifi_control.rollup.js'] =","            local.assetsDict['/assets.npmtest_wifi_control.rollup.js'] ||","            local.fs.readFileSync(","                local.npmtest_wifi_control.__dirname + '/lib.npmtest_wifi_control.js',","                'utf8'","            ).replace((/^#!/), '//');","        /* jslint-ignore-end */","        local.assetsDict['/favicon.ico'] = local.assetsDict['/favicon.ico'] || '';","        // if $npm_config_timeout_exit exists,","        // then exit this process after $npm_config_timeout_exit ms","        if (Number(process.env.npm_config_timeout_exit)) {","            setTimeout(process.exit, Number(process.env.npm_config_timeout_exit));","        }","        // start server","        if (local.global.utility2_serverHttp1) {","            break;","        }","        process.env.PORT = process.env.PORT || '8081';","        console.error('server starting on port ' + process.env.PORT);","        local.http.createServer(function (request, response) {","            request.urlParsed = local.url.parse(request.url);","            if (local.assetsDict[request.urlParsed.pathname] !== undefined) {","                response.end(local.assetsDict[request.urlParsed.pathname]);","                return;","            }","            response.statusCode = 404;","            response.end();","        }).listen(process.env.PORT);","        break;","    }","}());",""],"l":{"26":2,"28":2,"33":2,"35":2,"37":2,"38":2,"39":2,"44":1,"51":2,"55":2,"59":2,"61":2,"69":1,"70":2,"76":2,"79":2,"82":2,"83":2,"85":1,"89":2,"92":1,"93":1,"94":1,"96":1,"97":1,"100":1,"101":1,"103":1,"106":1,"108":2,"114":1,"116":1,"118":1,"123":1,"124":2,"125":2,"126":3,"127":3,"128":3,"129":3,"130":1,"133":3,"134":3,"139":3,"143":1,"144":3,"145":1,"149":1,"150":1,"158":1,"160":1,"161":1,"162":1,"164":1,"166":1,"258":1,"259":1,"271":1,"274":6,"275":6,"277":1,"279":2,"281":1,"283":2,"288":1,"289":1,"291":1,"296":1,"303":1,"306":1,"307":1,"310":1,"311":1,"313":1,"314":1,"315":1,"316":1,"317":1,"318":1,"319":1,"321":1,"322":1,"324":1}},"/home/travis/build/npmtest/node-npmtest-wifi-control/node_modules/wifi-control/lib/wifi-control.js":{"path":"/home/travis/build/npmtest/node-npmtest-wifi-control/node_modules/wifi-control/lib/wifi-control.js","s":{"1":1,"2":1,"3":1,"4":1,"5":1,"6":0,"7":0,"8":0,"9":0,"10":0,"11":0,"12":0,"13":0,"14":0,"15":0,"16":0,"17":0,"18":0,"19":1,"20":1,"21":1,"22":0,"23":0,"24":0,"25":0,"26":0,"27":0,"28":1,"29":0,"30":0,"31":0,"32":0,"33":0,"34":0,"35":0,"36":0,"37":0,"38":0,"39":0,"40":0,"41":0,"42":0,"43":0,"44":0,"45":0,"46":0,"47":0,"48":0,"49":0,"50":0,"51":0,"52":0,"53":0,"54":0,"55":0,"56":0,"57":0,"58":0,"59":0,"60":0,"61":0,"62":0,"63":0,"64":0,"65":0,"66":0,"67":0,"68":0,"69":0,"70":0,"71":0,"72":0,"73":0,"74":0,"75":0,"76":0,"77":0,"78":0,"79":0,"80":0,"81":0,"82":0,"83":0,"84":0,"85":0,"86":0,"87":0,"88":0,"89":0,"90":0,"91":0,"92":0,"93":0,"94":0,"95":0,"96":0,"97":0,"98":0,"99":0,"100":0,"101":0,"102":0,"103":0,"104":0,"105":0,"106":0,"107":0,"108":0,"109":0,"110":0,"111":0,"112":0,"113":0,"114":0,"115":0,"116":0,"117":0,"118":0,"119":0,"120":0,"121":0,"122":0,"123":0,"124":0,"125":0,"126":0,"127":0,"128":0,"129":0,"130":0,"131":0,"132":0,"133":0,"134":0,"135":0,"136":0,"137":0,"138":0,"139":0,"140":0,"141":0,"142":0,"143":0,"144":0,"145":0,"146":0,"147":0,"148":0,"149":0,"150":0,"151":0,"152":0,"153":0,"154":0,"155":0,"156":0,"157":0,"158":0,"159":0},"b":{"1":[0,0],"2":[0,0],"3":[0,0],"4":[0,0],"5":[0,0],"6":[1,0,0,0],"7":[0,0],"8":[0,0],"9":[0,0],"10":[0,0],"11":[0,0],"12":[0,0],"13":[0,0],"14":[0,0],"15":[0,0],"16":[0,0],"17":[0,0],"18":[0,0],"19":[0,0],"20":[0,0],"21":[0,0],"22":[0,0,0],"23":[0,0],"24":[0,0],"25":[0,0],"26":[0,0],"27":[0,0,0],"28":[0,0],"29":[0,0]},"f":{"1":1,"2":0,"3":0,"4":0,"5":0,"6":0,"7":0,"8":0,"9":0,"10":0,"11":0,"12":0,"13":0,"14":0,"15":0,"16":0,"17":0},"fnMap":{"1":{"name":"(anonymous_1)","line":2,"loc":{"start":{"line":2,"column":1},"end":{"line":2,"column":12}}},"2":{"name":"(anonymous_2)","line":15,"loc":{"start":{"line":15,"column":14},"end":{"line":15,"column":41}}},"3":{"name":"(anonymous_3)","line":28,"loc":{"start":{"line":28,"column":13},"end":{"line":28,"column":34}}},"4":{"name":"(anonymous_4)","line":58,"loc":{"start":{"line":58,"column":10},"end":{"line":58,"column":29}}},"5":{"name":"(anonymous_5)","line":67,"loc":{"start":{"line":67,"column":15},"end":{"line":67,"column":34}}},"6":{"name":"(anonymous_6)","line":84,"loc":{"start":{"line":84,"column":19},"end":{"line":84,"column":35}}},"7":{"name":"(anonymous_7)","line":114,"loc":{"start":{"line":114,"column":17},"end":{"line":114,"column":30}}},"8":{"name":"(anonymous_8)","line":136,"loc":{"start":{"line":136,"column":34},"end":{"line":136,"column":58}}},"9":{"name":"(anonymous_9)","line":165,"loc":{"start":{"line":165,"column":17},"end":{"line":165,"column":35}}},"10":{"name":"(anonymous_10)","line":189,"loc":{"start":{"line":189,"column":23},"end":{"line":189,"column":39}}},"11":{"name":"(anonymous_11)","line":190,"loc":{"start":{"line":190,"column":17},"end":{"line":190,"column":35}}},"12":{"name":"(anonymous_12)","line":223,"loc":{"start":{"line":223,"column":32},"end":{"line":223,"column":43}}},"13":{"name":"(anonymous_13)","line":245,"loc":{"start":{"line":245,"column":15},"end":{"line":245,"column":28}}},"14":{"name":"(anonymous_14)","line":251,"loc":{"start":{"line":251,"column":23},"end":{"line":251,"column":39}}},"15":{"name":"(anonymous_15)","line":252,"loc":{"start":{"line":252,"column":17},"end":{"line":252,"column":30}}},"16":{"name":"(anonymous_16)","line":264,"loc":{"start":{"line":264,"column":32},"end":{"line":264,"column":43}}},"17":{"name":"(anonymous_17)","line":286,"loc":{"start":{"line":286,"column":19},"end":{"line":286,"column":30}}}},"statementMap":{"1":{"start":{"line":2,"column":0},"end":{"line":307,"column":14}},"2":{"start":{"line":3,"column":2},"end":{"line":3,"column":58}},"3":{"start":{"line":5,"column":2},"end":{"line":5,"column":45}},"4":{"start":{"line":7,"column":2},"end":{"line":7,"column":42}},"5":{"start":{"line":9,"column":2},"end":{"line":40,"column":4}},"6":{"start":{"line":16,"column":6},"end":{"line":16,"column":18}},"7":{"start":{"line":17,"column":6},"end":{"line":19,"column":7}},"8":{"start":{"line":18,"column":8},"end":{"line":18,"column":21}},"9":{"start":{"line":20,"column":6},"end":{"line":20,"column":51}},"10":{"start":{"line":21,"column":6},"end":{"line":23,"column":7}},"11":{"start":{"line":22,"column":8},"end":{"line":22,"column":30}},"12":{"start":{"line":24,"column":6},"end":{"line":26,"column":8}},"13":{"start":{"line":29,"column":6},"end":{"line":31,"column":7}},"14":{"start":{"line":30,"column":8},"end":{"line":30,"column":22}},"15":{"start":{"line":32,"column":6},"end":{"line":38,"column":7}},"16":{"start":{"line":33,"column":8},"end":{"line":33,"column":52}},"17":{"start":{"line":35,"column":8},"end":{"line":37,"column":9}},"18":{"start":{"line":36,"column":10},"end":{"line":36,"column":52}},"19":{"start":{"line":42,"column":2},"end":{"line":55,"column":3}},"20":{"start":{"line":44,"column":6},"end":{"line":44,"column":46}},"21":{"start":{"line":45,"column":6},"end":{"line":45,"column":12}},"22":{"start":{"line":47,"column":6},"end":{"line":47,"column":46}},"23":{"start":{"line":48,"column":6},"end":{"line":48,"column":12}},"24":{"start":{"line":50,"column":6},"end":{"line":50,"column":47}},"25":{"start":{"line":51,"column":6},"end":{"line":51,"column":12}},"26":{"start":{"line":53,"column":6},"end":{"line":53,"column":58}},"27":{"start":{"line":54,"column":6},"end":{"line":54,"column":21}},"28":{"start":{"line":57,"column":2},"end":{"line":305,"column":4}},"29":{"start":{"line":59,"column":6},"end":{"line":61,"column":7}},"30":{"start":{"line":60,"column":8},"end":{"line":60,"column":22}},"31":{"start":{"line":62,"column":6},"end":{"line":62,"column":31}},"32":{"start":{"line":63,"column":6},"end":{"line":65,"column":7}},"33":{"start":{"line":64,"column":8},"end":{"line":64,"column":50}},"34":{"start":{"line":68,"column":6},"end":{"line":70,"column":7}},"35":{"start":{"line":69,"column":8},"end":{"line":69,"column":22}},"36":{"start":{"line":71,"column":6},"end":{"line":74,"column":7}},"37":{"start":{"line":72,"column":8},"end":{"line":72,"column":55}},"38":{"start":{"line":73,"column":8},"end":{"line":73,"column":60}},"39":{"start":{"line":75,"column":6},"end":{"line":79,"column":7}},"40":{"start":{"line":76,"column":8},"end":{"line":76,"column":74}},"41":{"start":{"line":77,"column":8},"end":{"line":77,"column":79}},"42":{"start":{"line":78,"column":8},"end":{"line":78,"column":98}},"43":{"start":{"line":80,"column":6},"end":{"line":82,"column":7}},"44":{"start":{"line":81,"column":8},"end":{"line":81,"column":50}},"45":{"start":{"line":85,"column":6},"end":{"line":85,"column":40}},"46":{"start":{"line":86,"column":6},"end":{"line":88,"column":7}},"47":{"start":{"line":87,"column":8},"end":{"line":87,"column":21}},"48":{"start":{"line":89,"column":6},"end":{"line":112,"column":7}},"49":{"start":{"line":90,"column":8},"end":{"line":99,"column":9}},"50":{"start":{"line":91,"column":10},"end":{"line":91,"column":69}},"51":{"start":{"line":92,"column":10},"end":{"line":92,"column":28}},"52":{"start":{"line":93,"column":10},"end":{"line":93,"column":48}},"53":{"start":{"line":94,"column":10},"end":{"line":98,"column":12}},"54":{"start":{"line":100,"column":8},"end":{"line":100,"column":64}},"55":{"start":{"line":101,"column":8},"end":{"line":101,"column":71}},"56":{"start":{"line":102,"column":8},"end":{"line":102,"column":70}},"57":{"start":{"line":103,"column":8},"end":{"line":103,"column":32}},"58":{"start":{"line":105,"column":8},"end":{"line":105,"column":23}},"59":{"start":{"line":106,"column":8},"end":{"line":106,"column":87}},"60":{"start":{"line":107,"column":8},"end":{"line":107,"column":32}},"61":{"start":{"line":108,"column":8},"end":{"line":111,"column":10}},"62":{"start":{"line":115,"column":6},"end":{"line":115,"column":32}},"63":{"start":{"line":116,"column":6},"end":{"line":123,"column":7}},"64":{"start":{"line":117,"column":8},"end":{"line":117,"column":94}},"65":{"start":{"line":118,"column":8},"end":{"line":118,"column":32}},"66":{"start":{"line":119,"column":8},"end":{"line":122,"column":10}},"67":{"start":{"line":124,"column":6},"end":{"line":163,"column":7}},"68":{"start":{"line":125,"column":8},"end":{"line":125,"column":65}},"69":{"start":{"line":126,"column":8},"end":{"line":154,"column":9}},"70":{"start":{"line":127,"column":10},"end":{"line":127,"column":60}},"71":{"start":{"line":128,"column":10},"end":{"line":128,"column":89}},"72":{"start":{"line":129,"column":10},"end":{"line":129,"column":28}},"73":{"start":{"line":130,"column":10},"end":{"line":134,"column":13}},"74":{"start":{"line":136,"column":10},"end":{"line":153,"column":13}},"75":{"start":{"line":137,"column":12},"end":{"line":152,"column":13}},"76":{"start":{"line":138,"column":14},"end":{"line":138,"column":85}},"77":{"start":{"line":139,"column":14},"end":{"line":139,"column":38}},"78":{"start":{"line":140,"column":14},"end":{"line":143,"column":17}},"79":{"start":{"line":145,"column":14},"end":{"line":145,"column":93}},"80":{"start":{"line":146,"column":14},"end":{"line":146,"column":32}},"81":{"start":{"line":147,"column":14},"end":{"line":151,"column":17}},"82":{"start":{"line":156,"column":8},"end":{"line":156,"column":23}},"83":{"start":{"line":157,"column":8},"end":{"line":157,"column":79}},"84":{"start":{"line":158,"column":8},"end":{"line":158,"column":32}},"85":{"start":{"line":159,"column":8},"end":{"line":162,"column":11}},"86":{"start":{"line":166,"column":6},"end":{"line":166,"column":52}},"87":{"start":{"line":167,"column":6},"end":{"line":174,"column":7}},"88":{"start":{"line":168,"column":8},"end":{"line":168,"column":90}},"89":{"start":{"line":169,"column":8},"end":{"line":169,"column":32}},"90":{"start":{"line":170,"column":8},"end":{"line":173,"column":10}},"91":{"start":{"line":175,"column":6},"end":{"line":243,"column":7}},"92":{"start":{"line":176,"column":8},"end":{"line":181,"column":9}},"93":{"start":{"line":177,"column":10},"end":{"line":180,"column":12}},"94":{"start":{"line":182,"column":8},"end":{"line":184,"column":9}},"95":{"start":{"line":183,"column":10},"end":{"line":183,"column":28}},"96":{"start":{"line":185,"column":8},"end":{"line":185,"column":51}},"97":{"start":{"line":186,"column":8},"end":{"line":186,"column":92}},"98":{"start":{"line":187,"column":8},"end":{"line":187,"column":33}},"99":{"start":{"line":188,"column":8},"end":{"line":188,"column":24}},"100":{"start":{"line":189,"column":8},"end":{"line":233,"column":17}},"101":{"start":{"line":190,"column":10},"end":{"line":232,"column":12}},"102":{"start":{"line":191,"column":12},"end":{"line":191,"column":49}},"103":{"start":{"line":192,"column":12},"end":{"line":192,"column":47}},"104":{"start":{"line":193,"column":12},"end":{"line":221,"column":13}},"105":{"start":{"line":194,"column":14},"end":{"line":219,"column":15}},"106":{"start":{"line":195,"column":16},"end":{"line":195,"column":72}},"107":{"start":{"line":196,"column":16},"end":{"line":196,"column":34}},"108":{"start":{"line":197,"column":16},"end":{"line":200,"column":19}},"109":{"start":{"line":201,"column":21},"end":{"line":219,"column":15}},"110":{"start":{"line":202,"column":16},"end":{"line":202,"column":89}},"111":{"start":{"line":203,"column":16},"end":{"line":203,"column":40}},"112":{"start":{"line":204,"column":16},"end":{"line":207,"column":19}},"113":{"start":{"line":209,"column":16},"end":{"line":209,"column":96}},"114":{"start":{"line":210,"column":16},"end":{"line":210,"column":40}},"115":{"start":{"line":211,"column":16},"end":{"line":214,"column":18}},"116":{"start":{"line":215,"column":16},"end":{"line":218,"column":19}},"117":{"start":{"line":220,"column":14},"end":{"line":220,"column":21}},"118":{"start":{"line":222,"column":12},"end":{"line":231,"column":13}},"119":{"start":{"line":223,"column":14},"end":{"line":225,"column":22}},"120":{"start":{"line":224,"column":16},"end":{"line":224,"column":44}},"121":{"start":{"line":227,"column":14},"end":{"line":230,"column":17}},"122":{"start":{"line":234,"column":8},"end":{"line":234,"column":36}},"123":{"start":{"line":236,"column":8},"end":{"line":236,"column":23}},"124":{"start":{"line":237,"column":8},"end":{"line":237,"column":89}},"125":{"start":{"line":238,"column":8},"end":{"line":238,"column":32}},"126":{"start":{"line":239,"column":8},"end":{"line":242,"column":11}},"127":{"start":{"line":246,"column":6},"end":{"line":246,"column":39}},"128":{"start":{"line":247,"column":6},"end":{"line":284,"column":7}},"129":{"start":{"line":248,"column":8},"end":{"line":248,"column":44}},"130":{"start":{"line":249,"column":8},"end":{"line":249,"column":68}},"131":{"start":{"line":250,"column":8},"end":{"line":250,"column":24}},"132":{"start":{"line":251,"column":8},"end":{"line":274,"column":17}},"133":{"start":{"line":252,"column":10},"end":{"line":273,"column":12}},"134":{"start":{"line":253,"column":12},"end":{"line":253,"column":33}},"135":{"start":{"line":254,"column":12},"end":{"line":254,"column":47}},"136":{"start":{"line":255,"column":12},"end":{"line":262,"column":13}},"137":{"start":{"line":256,"column":14},"end":{"line":256,"column":66}},"138":{"start":{"line":257,"column":14},"end":{"line":260,"column":17}},"139":{"start":{"line":261,"column":14},"end":{"line":261,"column":21}},"140":{"start":{"line":263,"column":12},"end":{"line":272,"column":13}},"141":{"start":{"line":264,"column":14},"end":{"line":266,"column":22}},"142":{"start":{"line":265,"column":16},"end":{"line":265,"column":39}},"143":{"start":{"line":268,"column":14},"end":{"line":271,"column":17}},"144":{"start":{"line":275,"column":8},"end":{"line":275,"column":31}},"145":{"start":{"line":277,"column":8},"end":{"line":277,"column":23}},"146":{"start":{"line":278,"column":8},"end":{"line":278,"column":83}},"147":{"start":{"line":279,"column":8},"end":{"line":279,"column":32}},"148":{"start":{"line":280,"column":8},"end":{"line":283,"column":11}},"149":{"start":{"line":287,"column":6},"end":{"line":287,"column":38}},"150":{"start":{"line":288,"column":6},"end":{"line":303,"column":7}},"151":{"start":{"line":289,"column":8},"end":{"line":289,"column":65}},"152":{"start":{"line":290,"column":8},"end":{"line":293,"column":9}},"153":{"start":{"line":291,"column":10},"end":{"line":291,"column":40}},"154":{"start":{"line":292,"column":10},"end":{"line":292,"column":121}},"155":{"start":{"line":294,"column":8},"end":{"line":294,"column":30}},"156":{"start":{"line":296,"column":8},"end":{"line":296,"column":23}},"157":{"start":{"line":297,"column":8},"end":{"line":297,"column":99}},"158":{"start":{"line":298,"column":8},"end":{"line":298,"column":32}},"159":{"start":{"line":299,"column":8},"end":{"line":302,"column":10}}},"branchMap":{"1":{"line":17,"type":"if","locations":[{"start":{"line":17,"column":6},"end":{"line":17,"column":6}},{"start":{"line":17,"column":6},"end":{"line":17,"column":6}}]},"2":{"line":21,"type":"if","locations":[{"start":{"line":21,"column":6},"end":{"line":21,"column":6}},{"start":{"line":21,"column":6},"end":{"line":21,"column":6}}]},"3":{"line":29,"type":"if","locations":[{"start":{"line":29,"column":6},"end":{"line":29,"column":6}},{"start":{"line":29,"column":6},"end":{"line":29,"column":6}}]},"4":{"line":32,"type":"if","locations":[{"start":{"line":32,"column":6},"end":{"line":32,"column":6}},{"start":{"line":32,"column":6},"end":{"line":32,"column":6}}]},"5":{"line":35,"type":"if","locations":[{"start":{"line":35,"column":8},"end":{"line":35,"column":8}},{"start":{"line":35,"column":8},"end":{"line":35,"column":8}}]},"6":{"line":42,"type":"switch","locations":[{"start":{"line":43,"column":4},"end":{"line":45,"column":12}},{"start":{"line":46,"column":4},"end":{"line":48,"column":12}},{"start":{"line":49,"column":4},"end":{"line":51,"column":12}},{"start":{"line":52,"column":4},"end":{"line":54,"column":21}}]},"7":{"line":59,"type":"if","locations":[{"start":{"line":59,"column":6},"end":{"line":59,"column":6}},{"start":{"line":59,"column":6},"end":{"line":59,"column":6}}]},"8":{"line":63,"type":"if","locations":[{"start":{"line":63,"column":6},"end":{"line":63,"column":6}},{"start":{"line":63,"column":6},"end":{"line":63,"column":6}}]},"9":{"line":68,"type":"if","locations":[{"start":{"line":68,"column":6},"end":{"line":68,"column":6}},{"start":{"line":68,"column":6},"end":{"line":68,"column":6}}]},"10":{"line":71,"type":"if","locations":[{"start":{"line":71,"column":6},"end":{"line":71,"column":6}},{"start":{"line":71,"column":6},"end":{"line":71,"column":6}}]},"11":{"line":75,"type":"if","locations":[{"start":{"line":75,"column":6},"end":{"line":75,"column":6}},{"start":{"line":75,"column":6},"end":{"line":75,"column":6}}]},"12":{"line":80,"type":"if","locations":[{"start":{"line":80,"column":6},"end":{"line":80,"column":6}},{"start":{"line":80,"column":6},"end":{"line":80,"column":6}}]},"13":{"line":86,"type":"if","locations":[{"start":{"line":86,"column":6},"end":{"line":86,"column":6}},{"start":{"line":86,"column":6},"end":{"line":86,"column":6}}]},"14":{"line":90,"type":"if","locations":[{"start":{"line":90,"column":8},"end":{"line":90,"column":8}},{"start":{"line":90,"column":8},"end":{"line":90,"column":8}}]},"15":{"line":116,"type":"if","locations":[{"start":{"line":116,"column":6},"end":{"line":116,"column":6}},{"start":{"line":116,"column":6},"end":{"line":116,"column":6}}]},"16":{"line":126,"type":"if","locations":[{"start":{"line":126,"column":8},"end":{"line":126,"column":8}},{"start":{"line":126,"column":8},"end":{"line":126,"column":8}}]},"17":{"line":137,"type":"if","locations":[{"start":{"line":137,"column":12},"end":{"line":137,"column":12}},{"start":{"line":137,"column":12},"end":{"line":137,"column":12}}]},"18":{"line":167,"type":"if","locations":[{"start":{"line":167,"column":6},"end":{"line":167,"column":6}},{"start":{"line":167,"column":6},"end":{"line":167,"column":6}}]},"19":{"line":176,"type":"if","locations":[{"start":{"line":176,"column":8},"end":{"line":176,"column":8}},{"start":{"line":176,"column":8},"end":{"line":176,"column":8}}]},"20":{"line":182,"type":"if","locations":[{"start":{"line":182,"column":8},"end":{"line":182,"column":8}},{"start":{"line":182,"column":8},"end":{"line":182,"column":8}}]},"21":{"line":193,"type":"if","locations":[{"start":{"line":193,"column":12},"end":{"line":193,"column":12}},{"start":{"line":193,"column":12},"end":{"line":193,"column":12}}]},"22":{"line":193,"type":"binary-expr","locations":[{"start":{"line":193,"column":16},"end":{"line":193,"column":34}},{"start":{"line":193,"column":40},"end":{"line":193,"column":77}},{"start":{"line":193,"column":83},"end":{"line":193,"column":123}}]},"23":{"line":194,"type":"if","locations":[{"start":{"line":194,"column":14},"end":{"line":194,"column":14}},{"start":{"line":194,"column":14},"end":{"line":194,"column":14}}]},"24":{"line":201,"type":"if","locations":[{"start":{"line":201,"column":21},"end":{"line":201,"column":21}},{"start":{"line":201,"column":21},"end":{"line":201,"column":21}}]},"25":{"line":222,"type":"if","locations":[{"start":{"line":222,"column":12},"end":{"line":222,"column":12}},{"start":{"line":222,"column":12},"end":{"line":222,"column":12}}]},"26":{"line":255,"type":"if","locations":[{"start":{"line":255,"column":12},"end":{"line":255,"column":12}},{"start":{"line":255,"column":12},"end":{"line":255,"column":12}}]},"27":{"line":255,"type":"binary-expr","locations":[{"start":{"line":255,"column":16},"end":{"line":255,"column":34}},{"start":{"line":255,"column":40},"end":{"line":255,"column":77}},{"start":{"line":255,"column":83},"end":{"line":255,"column":123}}]},"28":{"line":263,"type":"if","locations":[{"start":{"line":263,"column":12},"end":{"line":263,"column":12}},{"start":{"line":263,"column":12},"end":{"line":263,"column":12}}]},"29":{"line":290,"type":"if","locations":[{"start":{"line":290,"column":8},"end":{"line":290,"column":8}},{"start":{"line":290,"column":8},"end":{"line":290,"column":8}}]}},"code":["// Generated by CoffeeScript 1.12.4","(function() {","  var CXT, WiFiScanner, execSyncToBuffer, os_instructions;","","  WiFiScanner = require('node-wifiscanner2');","","  execSyncToBuffer = require('sync-exec');","","  CXT = {","    WiFiControlSettings: {","      iface: null,","      debug: false,","      connectionTimeout: 5000","    },","    execSync: function(command, options) {","      var results;","      if (options == null) {","        options = {};","      }","      results = execSyncToBuffer(command, options);","      if (!results.status) {","        return results.stdout;","      }","      throw {","        stderr: results.stderr","      };","    },","    WiFiLog: function(msg, error) {","      if (error == null) {","        error = false;","      }","      if (error) {","        return console.error(\"WiFiControl: \" + msg);","      } else {","        if (this.WiFiControlSettings.debug) {","          return console.log(\"WiFiControl: \" + msg);","        }","      }","    }","  };","","  switch (process.platform) {","    case \"linux\":","      os_instructions = require('./linux.js');","      break;","    case \"win32\":","      os_instructions = require('./win32.js');","      break;","    case \"darwin\":","      os_instructions = require('./darwin.js');","      break;","    default:","      CXT.WiFiLog(\"Unrecognized operating system.\", true);","      process.exit();","  }","","  module.exports = {","    init: function(settings) {","      if (settings == null) {","        settings = {};","      }","      this.configure(settings);","      if (settings.iface == null) {","        return this.findInterface(settings.iface);","      }","    },","    configure: function(settings) {","      if (settings == null) {","        settings = {};","      }","      if (settings.debug != null) {","        CXT.WiFiControlSettings.debug = settings.debug;","        CXT.WiFiLog(\"Debug mode set to: \" + settings.debug);","      }","      if (settings.connectionTimeout != null) {","        settings.connectionTimeout = parseInt(settings.connectionTimeout);","        CXT.WiFiControlSettings.connectionTimeout = settings.connectionTimeout;","        CXT.WiFiLog(\"AP connection attempt timeout set to: \" + settings.connectionTimeout + \"ms\");","      }","      if (settings.iface != null) {","        return this.findInterface(settings.iface);","      }","    },","    findInterface: function(iface) {","      var _msg, error, interfaceResults;","      if (iface == null) {","        iface = null;","      }","      try {","        if (iface != null) {","          _msg = \"Wireless interface manually set to \" + iface + \".\";","          CXT.WiFiLog(_msg);","          CXT.WiFiControlSettings.iface = iface;","          return {","            success: true,","            msg: _msg,","            \"interface\": iface","          };","        }","        CXT.WiFiLog(\"Determining system wireless interface...\");","        interfaceResults = os_instructions.autoFindInterface.call(CXT);","        CXT.WiFiControlSettings.iface = interfaceResults[\"interface\"];","        return interfaceResults;","      } catch (error1) {","        error = error1;","        _msg = \"Encountered an error while searching for wireless interface: \" + error;","        CXT.WiFiLog(_msg, true);","        return {","          success: false,","          msg: _msg","        };","      }","    },","    scanForWiFi: function(cb) {","      var _msg, error, networks;","      if (CXT.WiFiControlSettings.iface == null) {","        _msg = \"You cannot scan for nearby WiFi networks without a valid wireless interface.\";","        CXT.WiFiLog(_msg, true);","        return {","          success: false,","          msg: _msg","        };","      }","      try {","        CXT.WiFiLog(\"Scanning for nearby WiFi Access Points...\");","        if (process.platform === \"linux\") {","          networks = os_instructions.scanForWiFi.apply(CXT);","          _msg = \"Nearby WiFi APs successfully scanned (\" + networks.length + \" found).\";","          CXT.WiFiLog(_msg);","          return cb(null, {","            success: true,","            msg: _msg,","            networks: networks","          });","        } else {","          return WiFiScanner.scan(function(err, networks) {","            if (err) {","              _msg = \"We encountered an error while scanning for WiFi APs: \" + error;","              CXT.WiFiLog(_msg, true);","              return cb(err, {","                success: false,","                msg: _msg","              });","            } else {","              _msg = \"Nearby WiFi APs successfully scanned (\" + networks.length + \" found).\";","              CXT.WiFiLog(_msg);","              return cb(null, {","                success: true,","                networks: networks,","                msg: _msg","              });","            }","          });","        }","      } catch (error1) {","        error = error1;","        _msg = \"We encountered an error while scanning for WiFi APs: \" + error;","        CXT.WiFiLog(_msg, true);","        return cb(error, {","          success: false,","          msg: _msg","        });","      }","    },","    connectToAP: function(_ap, cb) {","      var _msg, check_iface, error, request_msg, t0;","      if (CXT.WiFiControlSettings.iface == null) {","        _msg = \"You cannot connect to a WiFi network without a valid wireless interface.\";","        CXT.WiFiLog(_msg, true);","        return {","          success: false,","          msg: _msg","        };","      }","      try {","        if (!_ap.ssid.length) {","          return {","            success: false,","            msg: \"Please provide a non-empty SSID.\"","          };","        }","        if (_ap.password == null) {","          _ap.password = \"\";","        }","        os_instructions.connectToAP.call(CXT, _ap);","        request_msg = \"WiFi connection request to \\\"\" + _ap.ssid + \"\\\" has been processed.\";","        CXT.WiFiLog(request_msg);","        t0 = new Date();","        check_iface = (function(_this) {","          return function(_ap, cb) {","            var connect_to_ap_result, ifaceState;","            ifaceState = _this.getIfaceState();","            if (ifaceState.success && ((ifaceState.connection === \"connected\") || (ifaceState.connection === \"disconnected\"))) {","              if (ifaceState.ssid === _ap.ssid) {","                _msg = \"Successfully connected to \\\"\" + _ap.ssid + \"\\\"\";","                CXT.WiFiLog(_msg);","                cb(null, {","                  success: true,","                  msg: _msg","                });","              } else if (ifaceState.ssid == null) {","                _msg = \"Error: Interface is not currently connected to any wireless AP.\";","                CXT.WiFiLog(_msg, true);","                cb(_msg, {","                  success: false,","                  msg: \"Error: Could not connect to \" + _ap.ssid","                });","              } else {","                _msg = \"Error: Interface is currently connected to \\\"\" + ifaceState.ssid + \"\\\"\";","                CXT.WiFiLog(_msg, true);","                connect_to_ap_result = {","                  success: false,","                  msg: _msg","                };","                cb(_msg, {","                  success: false,","                  msg: \"Error: Could not connect to \" + _ap.ssid","                });","              }","              return;","            }","            if ((new Date() - t0) < CXT.WiFiControlSettings.connectionTimeout) {","              return setTimeout(function() {","                return check_iface(_ap, cb);","              }, 250);","            } else {","              return cb(\"Connection confirmation timed out. (\" + CXT.WiFiControlSettings.connectionTimeout + \"ms)\", {","                success: false,","                msg: \"Error: Could not connect to \" + _ap.ssid","              });","            }","          };","        })(this);","        return check_iface(_ap, cb);","      } catch (error1) {","        error = error1;","        _msg = \"Encountered an error while connecting to \\\"\" + _ap.ssid + \"\\\": \" + error;","        CXT.WiFiLog(_msg, true);","        return cb(error, {","          success: false,","          msg: _msg","        });","      }","    },","    resetWiFi: function(cb) {","      var _msg, check_iface, error, t0;","      try {","        os_instructions.resetWiFi.call(CXT);","        CXT.WiFiLog(\"Waiting for interface to finish resetting...\");","        t0 = new Date();","        check_iface = (function(_this) {","          return function(cb) {","            var _msg, ifaceState;","            ifaceState = _this.getIfaceState();","            if (ifaceState.success && ((ifaceState.connection === \"connected\") || (ifaceState.connection === \"disconnected\"))) {","              _msg = \"Success!  Wireless interface is now reset.\";","              cb(null, {","                success: true,","                msg: _msg","              });","              return;","            }","            if ((new Date() - t0) < CXT.WiFiControlSettings.connectionTimeout) {","              return setTimeout(function() {","                return check_iface(cb);","              }, 250);","            } else {","              return cb(\"Reset confirmation timed out. (\" + CXT.WiFiControlSettings.connectionTimeout + \"ms)\", {","                success: false,","                msg: \"Error: Could not completely reset WiFi.\"","              });","            }","          };","        })(this);","        return check_iface(cb);","      } catch (error1) {","        error = error1;","        _msg = \"Encountered an error while resetting wire
[...]
alse,","            msg: _msg","          };","        }","        this.WiFiLog(\"Success!\");","      }","    },","    resetWiFi: function() {","      var COMMANDS, _msg, com, i, len, resetWiFiChain, results, stdout;","      COMMANDS = {","        enableAirport: \"networksetup -setairportpower \" + this.WiFiControlSettings.iface + \" on\",","        disableAirport: \"networksetup -setairportpower \" + this.WiFiControlSettings.iface + \" off\"","      };","      resetWiFiChain = [\"disableAirport\", \"enableAirport\"];","      results = [];","      for (i = 0, len = resetWiFiChain.length; i < len; i++) {","        com = resetWiFiChain[i];","        this.WiFiLog(\"Executing:\\t\" + COMMANDS[com]);","        stdout = this.execSync(COMMANDS[com]);","        _msg = \"Success!\";","        results.push(this.WiFiLog(_msg));","      }","      return results;","    }","  };","","}).call(this);",""],"l":{"2":1,"3":1,"5":1,"7":1,"11":1,"16":1,"21":1,"23":0,"24":0,"25":0,"26":0,"27":0,"28":0,"29":0,"30":0,"31":0,"32":0,"38":0,"39":0,"40":0,"48":0,"49":0,"50":0,"51":0,"52":0,"53":0,"54":0,"55":0,"56":0,"57":0,"59":0,"60":0,"62":0,"64":0,"65":0,"67":0,"69":0,"70":0,"73":0,"74":0,"75":0,"76":0,"77":0,"79":0,"80":0,"85":0,"86":0,"89":0,"90":0,"93":0,"94":0,"96":0,"97":0,"98":0,"99":0,"100":0,"101":0,"103":0,"105":0,"106":0,"107":0,"108":0,"113":0,"117":0,"118":0,"122":0,"123":0,"124":0,"125":0,"126":0,"127":0,"128":0,"129":0,"131":0}},"/home/travis/build/npmtest/node-npmtest-wifi-control/node_modules/wifi-control/lib/win32.js":{"path":"/home/travis/build/npmtest/node-npmtest-wifi-control/node_modules/wifi-control/lib/win32.js","s":{"1":1,"2":1,"3":1,"4":1,"5":1,"6":1,"7":0,"8":0,"9":0,"10":0,"11":0,"12":0,"13":0,"14":0,"15":0,"16":0,"17":0,"18":0,"19":0,"20":0,"21":1,"22":0,"23":0,"24":0,"25":0,"26":0,"27":0,"28":0,"29":0,"30":0,"31":0,"32":0,"33":0,"34":0,"35":0,"36":0,"37":0,"38":0,"39":0,"40":0,"41":0,"42":0,"43":0,"44":0,"45":0,"46":0,"47":0,"48":0,"49":0,"50":0,"51":0,"52":0,"53":0,"54":0,"55":0,"56":0,"57":0,"58":0,"59":0,"60":0,"61":0,"62":0,"63":0,"64":0,"65":0,"66":0,"67":0,"68":0,"69":0,"70":0,"71":0,"72":0,"73":0,"74":0,"75":0,"76":0,"77":0,"78":0,"79":0,"80":0,"81":0,"82":0,"83":0,"84":0,"85":0,"86":0,"87":0,"88":0,"89":0,"90":0,"91":0,"92":0,"93":0,"94":0,"95":0,"96":0,"97":0,"98":0,"99":0},"b":{"1":[0,0],"2":[0,0],"3":[0,0,0],"4":[0,0],"5":[0,0],"6":[0,0,0],"7":[0,0],"8":[0,0],"9":[0,0],"10":[0,0],"11":[0,0]},"f":{"1":1,"2":0,"3":0,"4":0,"5":0,"6":0},"fnMap":{"1":{"name":"(anonymous_1)","line":2,"loc":{"start":{"line":2,"column":1},"end":{"line":2,"column":12}}},"2":{"name":"(anonymous_2)","line":17,"loc":{"start":{"line":17,"column":32},"end":{"line":17,"column":62}}},"3":{"name":"(anonymous_3)","line":41,"loc":{"start":{"line":41,"column":23},"end":{"line":41,"column":34}}},"4":{"name":"(anonymous_4)","line":66,"loc":{"start":{"line":66,"column":19},"end":{"line":66,"column":30}}},"5":{"name":"(anonymous_5)","line":115,"loc":{"start":{"line":115,"column":17},"end":{"line":115,"column":31}}},"6":{"name":"(anonymous_6)","line":160,"loc":{"start":{"line":160,"column":15},"end":{"line":160,"column":26}}}},"statementMap":{"1":{"start":{"line":2,"column":0},"end":{"line":178,"column":14}},"2":{"start":{"line":3,"column":2},"end":{"line":3,"column":73}},"3":{"start":{"line":5,"column":2},"end":{"line":5,"column":21}},"4":{"start":{"line":7,"column":2},"end":{"line":9,"column":4}},"5":{"start":{"line":11,"column":2},"end":{"line":15,"column":4}},"6":{"start":{"line":17,"column":2},"end":{"line":38,"column":4}},"7":{"start":{"line":18,"column":4},"end":{"line":18,"column":24}},"8":{"start":{"line":19,"column":4},"end":{"line":21,"column":5}},"9":{"start":{"line":20,"column":6},"end":{"line":20,"column":23}},"10":{"start":{"line":22,"column":4},"end":{"line":24,"column":5}},"11":{"start":{"line":23,"column":6},"end":{"line":23,"column":17}},"12":{"start":{"line":25,"column":4},"end":{"line":25,"column":266}},"13":{"start":{"line":26,"column":4},"end":{"line":35,"column":5}},"14":{"start":{"line":28,"column":8},"end":{"line":28,"column":423}},"15":{"start":{"line":29,"column":8},"end":{"line":29,"column":14}},"16":{"start":{"line":31,"column":8},"end":{"line":31,"column":423}},"17":{"start":{"line":32,"column":8},"end":{"line":32,"column":14}},"18":{"start":{"line":34,"column":8},"end":{"line":34,"column":270}},"19":{"start":{"line":36,"column":4},"end":{"line":36,"column":40}},"20":{"start":{"line":37,"column":4},"end":{"line":37,"column":27}},"21":{"start":{"line":40,"column":2},"end":{"line":176,"column":4}},"22":{"start":{"line":42,"column":6},"end":{"line":42,"column":53}},"23":{"start":{"line":43,"column":6},"end":{"line":43,"column":47}},"24":{"start":{"line":44,"column":6},"end":{"line":44,"column":37}},"25":{"start":{"line":45,"column":6},"end":{"line":45,"column":53}},"26":{"start":{"line":46,"column":6},"end":{"line":46,"column":51}},"27":{"start":{"line":47,"column":6},"end":{"line":64,"column":7}},"28":{"start":{"line":48,"column":8},"end":{"line":48,"column":35}},"29":{"start":{"line":49,"column":8},"end":{"line":49,"column":74}},"30":{"start":{"line":50,"column":8},"end":{"line":50,"column":27}},"31":{"start":{"line":51,"column":8},"end":{"line":55,"column":10}},"32":{"start":{"line":57,"column":8},"end":{"line":57,"column":52}},"33":{"start":{"line":58,"column":8},"end":{"line":58,"column":33}},"34":{"start":{"line":59,"column":8},"end":{"line":63,"column":10}},"35":{"start":{"line":67,"column":6},"end":{"line":67,"column":101}},"36":{"start":{"line":68,"column":6},"end":{"line":68,"column":26}},"37":{"start":{"line":69,"column":6},"end":{"line":69,"column":100}},"38":{"start":{"line":70,"column":6},"end":{"line":70,"column":39}},"39":{"start":{"line":71,"column":6},"end":{"line":112,"column":7}},"40":{"start":{"line":72,"column":8},"end":{"line":72,"column":20}},"41":{"start":{"line":73,"column":8},"end":{"line":90,"column":9}},"42":{"start":{"line":74,"column":10},"end":{"line":74,"column":30}},"43":{"start":{"line":75,"column":10},"end":{"line":86,"column":11}},"44":{"start":{"line":76,"column":12},"end":{"line":80,"column":14}},"45":{"start":{"line":81,"column":12},"end":{"line":81,"column":18}},"46":{"start":{"line":83,"column":12},"end":{"line":83,"column":64}},"47":{"start":{"line":84,"column":12},"end":{"line":84,"column":39}},"48":{"start":{"line":85,"column":12},"end":{"line":85,"column":41}},"49":{"start":{"line":88,"column":10},"end":{"line":88,"column":25}},"50":{"start":{"line":89,"column":10},"end":{"line":89,"column":19}},"51":{"start":{"line":91,"column":8},"end":{"line":91,"column":36}},"52":{"start":{"line":92,"column":8},"end":{"line":108,"column":9}},"53":{"start":{"line":94,"column":12},"end":{"line":94,"column":66}},"54":{"start":{"line":95,"column":12},"end":{"line":95,"column":18}},"55":{"start":{"line":97,"column":12},"end":{"line":97,"column":40}},"56":{"start":{"line":98,"column":12},"end":{"line":98,"column":18}},"57":{"start":{"line":100,"column":12},"end":{"line":107,"column":13}},"58":{"start":{"line":101,"column":14},"end":{"line":105,"column":16}},"59":{"start":{"line":106,"column":14},"end":{"line":106,"column":20}},"60":{"start":{"line":109,"column":8},"end":{"line":111,"column":9}},"61":{"start":{"line":110,"column":10},"end":{"line":110,"column":16}},"62":{"start":{"line":113,"column":6},"end":{"line":113,"column":28}},"63":{"start":{"line":116,"column":6},"end":{"line":116,"column":100}},"64":{"start":{"line":117,"column":6},"end":{"line":117,"column":59}},"65":{"start":{"line":118,"column":6},"end":{"line":121,"column":8}},"66":{"start":{"line":122,"column":6},"end":{"line":124,"column":7}},"67":{"start":{"line":123,"column":8},"end":{"line":123,"column":62}},"68":{"start":{"line":125,"column":6},"end":{"line":125,"column":24}},"69":{"start":{"line":126,"column":6},"end":{"line":130,"column":7}},"70":{"start":{"line":127,"column":8},"end":{"line":127,"column":77}},"71":{"start":{"line":129,"column":8},"end":{"line":129,"column":55}},"72":{"start":{"line":131,"column":6},"end":{"line":141,"column":7}},"73":{"start":{"line":132,"column":8},"end":{"line":132,"column":56}},"74":{"start":{"line":134,"column":8},"end":{"line":134,"column":23}},"75":{"start":{"line":135,"column":8},"end":{"line":135,"column":65}},"76":{"start":{"line":136,"column":8},"end":{"line":136,"column":33}},"77":{"start":{"line":137,"column":8},"end":{"line":140,"column":10}},"78":{"start":{"line":142,"column":6},"end":{"line":145,"column":8}},"79":{"start":{"line":146,"column":6},"end":{"line":146,"column":52}},"80":{"start":{"line":147,"column":6},"end":{"line":156,"column":7}},"81":{"start":{"line":148,"column":8},"end":{"line":148,"column":34}},"82":{"start":{"line":149,"column":8},"end":{"line":149,"column":53}},"83":{"start":{"line":150,"column":8},"end":{"line":154,"column":9}},"84":{"start":{"line":151,"column":10},"end":{"line":151,"column":48}},"85":{"start":{"line":153,"column":10},"end":{"line":153,"column":25}},"86":{"start":{"line":155,"column":8},"end":{"line":155,"column":33}},"87":{"start":{"line":157,"column":6},"end":{"line":157,"column":61}},"88":{"start":{"line":158,"column":6},"end":{"line":158,"column":62}},"89":{"start":{"line":161,"column":6},"end":{"line":161,"column":71}},"90":{"start":{"line":162,"column":6},"end":{"line":164,"column":8}},"91":{"start":{"line":165,"column":6},"end":{"line":165,"column":38}},"92":{"start":{"line":166,"column":6},"end":{"line":166,"column":19}},"93":{"start":{"line":167,"column":6},"end":{"line":173,"column":7}},"94":{"start":{"line":168,"column":8},"end":{"line":168,"column":32}},"95":{"start":{"line":169,"column":8},"end":{"line":169,"column":53}},"96":{"start":{"line":170,"column":8},"end":{"line":170,"column":46}},"97":{"start":{"line":171,"column":8},"end":{"line":171,"column":26}},"98":{"start":{"line":172,"column":8},"end":{"line":172,"column":41}},"99":{"start":{"line":174,"column":6},"end":{"line":174,"column":21}}},"branchMap":{"1":{"line":19,"type":"if","locations":[{"start":{"line":19,"column":4},"end":{"line":19,"column":4}},{"start":{"line":19,"column":4},"end":{"line":19,"column":4}}]},"2":{"line":22,"type":"if","locations":[{"start":{"line":22,"column":4},"end":{"line":22,"column":4}},{"start":{"line":22,"column":4},"end":{"line":22,"column":4}}]},"3":{"line":26,"type":"switch","locations":[{"start":{"line":27,"column":6},"end":{"line":29,"column":14}},{"start":{"line":30,"column":6},"end":{"line":32,"column":14}},{"start":{"line":33,"column":6},"end":{"line":34,"column":270}}]},"4":{"line":47,"type":"if","locations":[{"start":{"line":47,"column":6},"end":{"line":47,"column":6}},{"start":{"line":47,"column":6},"end":{"line":47,"column":6}}]},"5":{"line":75,"type":"if","locations":[{"start":{"line":75,"column":10},"end":{"line":75,"column":10}},{"start":{"line":75,"column":10},"end":{"line":75,"column":10}}]},"6":{"line":92,"type":"switch","locations":[{"start":{"line":93,"column":10},"end":{"line":95,"column":18}},{"start":{"line":96,"column":10},"end":{"line":98,"column":18}},{"start":{"line":99,"column":10},"end":{"line":107,"column":13}}]},"7":{"line":100,"type":"if","locations":[{"start":{"line":100,"column":12},"end":{"line":100,"column":12}},{"start":{"line":100,"column":12},"end":{"line":100,"column":12}}]},"8":{"line":109,"type":"if","locations":[{"start":{"line":109,"column":8},"end":{"line":109,"column":8}},{"start":{"line":109,"column":8},"end":{"line":109,"column":8}}]},"9":{"line":122,"type":"cond-expr","locations":[{"start":{"line":122,"column":66},"end":{"line":122,"column":74}},{"start":{"line":122,"column":77},"end":{"line":122,"column":85}}]},"10":{"line":122,"type":"cond-expr","locations":[{"start":{"line":122,"column":102},"end":{"line":122,"column":105}},{"start":{"line":122,"column":108},"end":{"line":122,"column":111}}]},"11":{"line":126,"type":"if","locations":[{"start":{"line":126,"column":6},"end":{"line":126,"column":6}},{"start":{"line":126,"column":6},"end":{"line":126,"column":6}}]}},"code":["// Generated by CoffeeScript 1.12.4","(function() {","  var connectionStateMap, fs, parsePatterns, win32WirelessProfileBuilder;","","  fs = require('fs');","","  parsePatterns = {","    netsh_line: new RegExp(/([^:]+): (.+)/)","  };","","  connectionStateMap = {","    connected: \"connected\",","    disconnected: \"disconnected\",","    associating: \"connecting\"","  };","","  win32WirelessProfileBuilder = function(ssid, security, key) {","    var profile_content;","    if (security == null) {","      security = false;","    }","    if (key == null) {","      key = null;","    }","    profile_content = \"<?xml version=\\\"1.0\\\"?> <WLANProfile xmlns=\\\"http://www.microsoft.com/networking/WLAN/profile/v1\\\"> <name>\" + ssid.plaintext + \"</name> <SSIDConfig> <SSID> <hex>\" + ssid.hex + \"</hex> <name>\" + ssid.plaintext + \"</name> </SSID> </SSIDConfig>\";","    switch (security) {","      case \"wpa\":","        profile_content += \"<connectionType>ESS</connectionType> <connectionMode>auto</connectionMode> <autoSwitch>true</autoSwitch> <MSM> <security> <authEncryption> <authentication>WPAPSK</authentication> <encryption>TKIP</encryption> <useOneX>false</useOneX> </authEncryption> <sharedKey> <keyType>passPhrase</keyType> <protected>false</protected> <keyMaterial>\" + key + \"</keyMaterial> </sharedKey> </security> </MSM>\";","        break;","      case \"wpa2\":","        profile_content += \"<connectionType>ESS</connectionType> <connectionMode>auto</connectionMode> <autoSwitch>true</autoSwitch> <MSM> <security> <authEncryption> <authentication>WPA2PSK</authentication> <encryption>AES</encryption> <useOneX>false</useOneX> </authEncryption> <sharedKey> <keyType>passPhrase</keyType> <protected>false</protected> <keyMaterial>\" + key + \"</keyMaterial> </sharedKey> </security> </MSM>\";","        break;","      default:","        profile_content += \"<connectionType>ESS</connectionType> <connectionMode>manual</connectionMode> <MSM> <security> <authEncryption> <authentication>open</authentication> <encryption>none</encryption> <useOneX>false</useOneX> </authEncryption> </security> </MSM>\";","    }","    profile_content += \"</WLANProfile>\";","    return profile_content;","  };","","  module.exports = {","    autoFindInterface: function() {","      var _iface, _interface, _msg, findInterfaceCom;","      this.WiFiLog(\"Host machine is Windows.\");","      findInterfaceCom = \"echo wlan\";","      this.WiFiLog(\"Executing: \" + findInterfaceCom);","      _interface = this.execSync(findInterfaceCom);","      if (_interface) {","        _iface = _interface.trim();","        _msg = \"Automatically located wireless interface \" + _iface + \".\";","        this.WiFiLog(_msg);","        return {","          success: true,","          msg: _msg,","          \"interface\": _iface","        };","      } else {","        _msg = \"Error: No network interface found.\";","        this.WiFiLog(_msg, true);","        return {","          success: false,","          msg: _msg,","          \"interface\": null","        };","      }","    },","    getIfaceState: function() {","      var KEY, VALUE, connectionData, error, interfaceState, j, k, len, ln, ln_trim, parsedLine, ref;","      interfaceState = {};","      connectionData = this.execSync(\"netsh \" + this.WiFiControlSettings.iface + \" show interface\");","      ref = connectionData.split('\\n');","      for (k = j = 0, len = ref.length; j < len; k = ++j) {","        ln = ref[k];","        try {","          ln_trim = ln.trim();","          if (ln_trim === \"Software Off\") {","            interfaceState = {","              ssid: null,","              connected: false,","              power: false","            };","            break;","          } else {","            parsedLine = parsePatterns.netsh_line.exec(ln_trim);","            KEY = parsedLine[1].trim();","            VALUE = parsedLine[2].trim();","          }","        } catch (error1) {","          error = error1;","          continue;","        }","        interfaceState.power = true;","        switch (KEY) {","          case \"State\":","            interfaceState.connection = connectionStateMap[VALUE];","            break;","          case \"SSID\":","            interfaceState.ssid = VALUE;","            break;","          case \"Radio status\":","            if (VALUE === \"Hardware Off\") {","              interfaceState = {","                ssid: null,","                connected: false,","                power: false","              };","              break;","            }","        }","        if (KEY === \"SSID\") {","          break;","        }","      }","      return interfaceState;","    },","    connectToAP: function(_ap) {","      var COMMANDS, _msg, com, connectToAPChain, error, i, j, l, len, ref, ssid, stdout, xmlContent;","      this.WiFiLog(\"Generating win32 wireless profile...\");","      ssid = {","        plaintext: _ap.ssid,","        hex: \"\"","      };","      for (i = j = 0, ref = ssid.plaintext.length - 1; 0 <= ref ? j <= ref : j >= ref; i = 0 <= ref ? ++j : --j) {","        ssid.hex += ssid.plaintext.charCodeAt(i).toString(16);","      }","      xmlContent = null;","      if (_ap.password.length) {","        xmlContent = win32WirelessProfileBuilder(ssid, \"wpa2\", _ap.password);","      } else {","        xmlContent = win32WirelessProfileBuilder(ssid);","      }","      try {","        fs.writeFileSync(_ap.ssid + \".xml\", xmlContent);","      } catch (error1) {","        error = error1;","        _msg = \"Encountered an error connecting to AP: \" + error;","        this.WiFiLog(_msg, true);","        return {","          success: false,","          msg: _msg","        };","      }","      COMMANDS = {","        loadProfile: \"netsh \" + this.WiFiControlSettings.iface + \" add profile filename=\\\"\" + _ap.ssid + \".xml\\\"\",","        connect: \"netsh \" + this.WiFiControlSettings.iface + \" connect ssid=\\\"\" + _ap.ssid + \"\\\" name=\\\"\" + _ap.ssid + \"\\\"\"","      };","      connectToAPChain = [\"loadProfile\", \"connect\"];","      for (l = 0, len = connectToAPChain.length; l < len; l++) {","        com = connectToAPChain[l];","        this.WiFiLog(\"Executing:\\t\" + COMMANDS[com]);","        try {","          stdout = this.execSync(COMMANDS[com]);","        } catch (error1) {","          error = error1;","        }","        this.WiFiLog(\"Success!\");","      }","      this.WiFiLog(\"Removing temporary WiFi config file...\");","      return this.execSync(\"del \\\".\\\\\" + _ap.ssid + \".xml\\\"\");","    },","    resetWiFi: function() {","      var COMMANDS, _msg, com, j, len, resetWiFiChain, results, stdout;","      COMMANDS = {","        disconnect: \"netsh \" + this.WiFiControlSettings.iface + \" disconnect\"","      };","      resetWiFiChain = [\"disconnect\"];","      results = [];","      for (j = 0, len = resetWiFiChain.length; j < len; j++) {","        com = resetWiFiChain[j];","        this.WiFiLog(\"Executing:\\t\" + COMMANDS[com]);","        stdout = this.execSync(COMMANDS[com]);","        _msg = \"Success!\";","        results.push(this.WiFiLog(_msg));","      }","      return results;","    }","  };","","}).call(this);",""],"l":{"2":1,"3":1,"5":1,"7":1,"11":1,"17":1,"18":0,"19":0,"20":0,"22":0,"23":0,"25":0,"26":0,"28":0,"29":0,"31":0,"32":0,"34":0,"36":0,"37":0,"40":1,"42":0,"43":0,"44":0,"45":0,"46":0,"47":0,"48":0,"49":0,"50":0,"51":0,"57":0,"58":0,"59":0,"67":0,"68":0,"69":0,"70":0,"71":0,"72":0,"73":0,"74":0,"75":0,"76":0,"81":0,"83":0,"84":0,"85":0,"88":0,"89":0,"91":0,"92":0,"94":0,"95":0,"97":0,"98":0,"100":0,"101":0,"106":0,"109":0,"110":0,"113":0,"116":0,"117":0,"118":0,"122":0,"123":0,"125":0,"126":0,"127":0,"129":0,"131":0,"132":0,"134":0,"135":0,"136":0,"137":0,"142":0,"146":0,"147":0,"148":0,"149":0,"150":0,"151":0,"153":0,"155":0,"157":0,"158":0,"161":0,"162":0,"165":0,"166":0,"167":0,"168":0,"169":0,"170":0,"171":0,"172":0,"174":0}}}